{"/home/travis/build/npmtest/node-npmtest-sns-mobile/test.js":{"path":"/home/travis/build/npmtest/node-npmtest-sns-mobile/test.js","s":{"1":2,"2":2,"3":2,"4":2,"5":2,"6":2,"7":2,"8":1,"9":2,"10":2,"11":1,"12":1,"13":1,"14":1,"15":2,"16":2,"17":2,"18":2,"19":1,"20":1,"21":2,"22":2,"23":2,"24":1,"25":1,"26":1,"27":1,"28":1,"29":1,"30":1,"31":1,"32":1,"33":1,"34":1,"35":1,"36":1,"37":1,"38":1,"39":2,"40":2,"41":1,"42":2,"43":2,"44":1,"45":2,"46":2,"47":1,"48":2,"49":2,"50":1,"51":1,"52":1,"53":1,"54":1},"b":{"1":[2,1,1,1],"2":[1,1,1,1],"3":[1,1],"4":[1,1],"5":[1,1],"6":[1,1],"7":[1,1],"8":[1,1],"9":[1,1],"10":[1,1,1],"11":[1,1],"12":[1,1],"13":[1,1],"14":[1,1],"15":[1,1],"16":[1,1],"17":[1,1]},"f":{"1":2,"2":2,"3":2,"4":2,"5":2,"6":1,"7":1,"8":1,"9":2,"10":2,"11":2,"12":2,"13":1},"fnMap":{"1":{"name":"(anonymous_1)","line":12,"loc":{"start":{"line":12,"column":1},"end":{"line":12,"column":13}}},"2":{"name":"(anonymous_2)","line":19,"loc":{"start":{"line":19,"column":5},"end":{"line":19,"column":17}}},"3":{"name":"(anonymous_3)","line":23,"loc":{"start":{"line":23,"column":24},"end":{"line":23,"column":36}}},"4":{"name":"(anonymous_4)","line":61,"loc":{"start":{"line":61,"column":5},"end":{"line":61,"column":17}}},"5":{"name":"(anonymous_5)","line":82,"loc":{"start":{"line":82,"column":5},"end":{"line":82,"column":17}}},"6":{"name":"(anonymous_6)","line":91,"loc":{"start":{"line":91,"column":77},"end":{"line":94,"column":10}}},"7":{"name":"(anonymous_7)","line":112,"loc":{"start":{"line":112,"column":83},"end":{"line":115,"column":10}},"skip":true},"8":{"name":"(anonymous_8)","line":123,"loc":{"start":{"line":123,"column":77},"end":{"line":126,"column":10}},"skip":true},"9":{"name":"(anonymous_9)","line":139,"loc":{"start":{"line":139,"column":12},"end":{"line":139,"column":40}},"skip":true},"10":{"name":"(anonymous_10)","line":147,"loc":{"start":{"line":147,"column":77},"end":{"line":150,"column":10}},"skip":true},"11":{"name":"(anonymous_11)","line":158,"loc":{"start":{"line":158,"column":83},"end":{"line":161,"column":10}},"skip":true},"12":{"name":"(anonymous_12)","line":169,"loc":{"start":{"line":169,"column":79},"end":{"line":172,"column":10}},"skip":true},"13":{"name":"(anonymous_13)","line":180,"loc":{"start":{"line":180,"column":75},"end":{"line":183,"column":10}},"skip":true}},"statementMap":{"1":{"start":{"line":12,"column":0},"end":{"line":195,"column":5}},"2":{"start":{"line":14,"column":4},"end":{"line":14,"column":14}},"3":{"start":{"line":19,"column":4},"end":{"line":56,"column":9}},"4":{"start":{"line":21,"column":8},"end":{"line":21,"column":19}},"5":{"start":{"line":23,"column":8},"end":{"line":35,"column":13}},"6":{"start":{"line":24,"column":12},"end":{"line":34,"column":13}},"7":{"start":{"line":25,"column":16},"end":{"line":28,"column":30}},"8":{"start":{"line":30,"column":16},"end":{"line":33,"column":27}},"9":{"start":{"line":37,"column":8},"end":{"line":39,"column":21}},"10":{"start":{"line":40,"column":8},"end":{"line":53,"column":9}},"11":{"start":{"line":43,"column":12},"end":{"line":46,"column":14}},"12":{"start":{"line":47,"column":12},"end":{"line":47,"column":18}},"13":{"start":{"line":50,"column":12},"end":{"line":51,"column":46}},"14":{"start":{"line":52,"column":12},"end":{"line":52,"column":18}},"15":{"start":{"line":55,"column":8},"end":{"line":55,"column":35}},"16":{"start":{"line":61,"column":4},"end":{"line":63,"column":9}},"17":{"start":{"line":62,"column":8},"end":{"line":62,"column":15}},"18":{"start":{"line":64,"column":4},"end":{"line":77,"column":5}},"19":{"start":{"line":70,"column":8},"end":{"line":70,"column":14}},"20":{"start":{"line":76,"column":8},"end":{"line":76,"column":14}},"21":{"start":{"line":82,"column":4},"end":{"line":84,"column":9}},"22":{"start":{"line":83,"column":8},"end":{"line":83,"column":15}},"23":{"start":{"line":85,"column":4},"end":{"line":194,"column":5}},"24":{"start":{"line":91,"column":8},"end":{"line":99,"column":10}},"25":{"start":{"line":98,"column":12},"end":{"line":98,"column":35}},"26":{"start":{"line":102,"column":8},"end":{"line":104,"column":63}},"27":{"start":{"line":105,"column":8},"end":{"line":105,"column":14}},"28":{"start":{"line":112,"column":8},"end":{"line":121,"column":10},"skip":true},"29":{"start":{"line":119,"column":12},"end":{"line":119,"column":55},"skip":true},"30":{"start":{"line":120,"column":12},"end":{"line":120,"column":48},"skip":true},"31":{"start":{"line":123,"column":8},"end":{"line":136,"column":10},"skip":true},"32":{"start":{"line":130,"column":12},"end":{"line":130,"column":76},"skip":true},"33":{"start":{"line":131,"column":12},"end":{"line":131,"column":73},"skip":true},"34":{"start":{"line":132,"column":12},"end":{"line":132,"column":74},"skip":true},"35":{"start":{"line":133,"column":12},"end":{"line":133,"column":79},"skip":true},"36":{"start":{"line":134,"column":12},"end":{"line":134,"column":25},"skip":true},"37":{"start":{"line":135,"column":12},"end":{"line":135,"column":45},"skip":true},"38":{"start":{"line":138,"column":8},"end":{"line":145,"column":14},"skip":true},"39":{"start":{"line":143,"column":16},"end":{"line":143,"column":29},"skip":true},"40":{"start":{"line":144,"column":16},"end":{"line":144,"column":55},"skip":true},"41":{"start":{"line":147,"column":8},"end":{"line":156,"column":10},"skip":true},"42":{"start":{"line":154,"column":12},"end":{"line":154,"column":25},"skip":true},"43":{"start":{"line":155,"column":12},"end":{"line":155,"column":45},"skip":true},"44":{"start":{"line":158,"column":8},"end":{"line":167,"column":10},"skip":true},"45":{"start":{"line":165,"column":12},"end":{"line":165,"column":25},"skip":true},"46":{"start":{"line":166,"column":12},"end":{"line":166,"column":48},"skip":true},"47":{"start":{"line":169,"column":8},"end":{"line":178,"column":10},"skip":true},"48":{"start":{"line":176,"column":12},"end":{"line":176,"column":25},"skip":true},"49":{"start":{"line":177,"column":12},"end":{"line":177,"column":46},"skip":true},"50":{"start":{"line":180,"column":8},"end":{"line":189,"column":10},"skip":true},"51":{"start":{"line":187,"column":12},"end":{"line":187,"column":94},"skip":true},"52":{"start":{"line":188,"column":12},"end":{"line":188,"column":48},"skip":true},"53":{"start":{"line":192,"column":8},"end":{"line":192,"column":35},"skip":true},"54":{"start":{"line":193,"column":8},"end":{"line":193,"column":14},"skip":true}},"branchMap":{"1":{"line":25,"type":"binary-expr","locations":[{"start":{"line":25,"column":23},"end":{"line":25,"column":62}},{"start":{"line":26,"column":20},"end":{"line":26,"column":70}},{"start":{"line":27,"column":20},"end":{"line":27,"column":71}},{"start":{"line":28,"column":20},"end":{"line":28,"column":29}}]},"2":{"line":30,"type":"binary-expr","locations":[{"start":{"line":30,"column":23},"end":{"line":30,"column":37}},{"start":{"line":31,"column":20},"end":{"line":31,"column":61}},{"start":{"line":32,"column":20},"end":{"line":32,"column":70}},{"start":{"line":33,"column":20},"end":{"line":33,"column":26}}]},"3":{"line":37,"type":"cond-expr","locations":[{"start":{"line":38,"column":14},"end":{"line":38,"column":20}},{"start":{"line":39,"column":14},"end":{"line":39,"column":20}}]},"4":{"line":40,"type":"switch","locations":[{"start":{"line":42,"column":8},"end":{"line":47,"column":18}},{"start":{"line":49,"column":8},"end":{"line":52,"column":18}}]},"5":{"line":44,"type":"binary-expr","locations":[{"start":{"line":44,"column":16},"end":{"line":44,"column":44}},{"start":{"line":44,"column":48},"end":{"line":44,"column":66}}]},"6":{"line":50,"type":"binary-expr","locations":[{"start":{"line":50,"column":21},"end":{"line":50,"column":49}},{"start":{"line":50,"column":53},"end":{"line":50,"column":72}}]},"7":{"line":64,"type":"switch","locations":[{"start":{"line":69,"column":4},"end":{"line":70,"column":14}},{"start":{"line":75,"column":4},"end":{"line":76,"column":14}}]},"8":{"line":85,"type":"switch","locations":[{"start":{"line":90,"column":4},"end":{"line":105,"column":14}},{"start":{"line":111,"column":4},"end":{"line":193,"column":14},"skip":true}]},"9":{"line":91,"type":"binary-expr","locations":[{"start":{"line":91,"column":42},"end":{"line":91,"column":73}},{"start":{"line":91,"column":77},"end":{"line":99,"column":9}}]},"10":{"line":102,"type":"binary-expr","locations":[{"start":{"line":102,"column":18},"end":{"line":102,"column":32}},{"start":{"line":103,"column":12},"end":{"line":103,"column":53}},{"start":{"line":104,"column":12},"end":{"line":104,"column":61}}]},"11":{"line":112,"type":"binary-expr","locations":[{"start":{"line":112,"column":45},"end":{"line":112,"column":79},"skip":true},{"start":{"line":112,"column":83},"end":{"line":121,"column":9},"skip":true}]},"12":{"line":123,"type":"binary-expr","locations":[{"start":{"line":123,"column":42},"end":{"line":123,"column":73},"skip":true},{"start":{"line":123,"column":77},"end":{"line":136,"column":9},"skip":true}]},"13":{"line":138,"type":"binary-expr","locations":[{"start":{"line":138,"column":48},"end":{"line":138,"column":85},"skip":true},{"start":{"line":139,"column":12},"end":{"line":145,"column":13},"skip":true}]},"14":{"line":147,"type":"binary-expr","locations":[{"start":{"line":147,"column":42},"end":{"line":147,"column":73},"skip":true},{"start":{"line":147,"column":77},"end":{"line":156,"column":9},"skip":true}]},"15":{"line":158,"type":"binary-expr","locations":[{"start":{"line":158,"column":45},"end":{"line":158,"column":79},"skip":true},{"start":{"line":158,"column":83},"end":{"line":167,"column":9},"skip":true}]},"16":{"line":169,"type":"binary-expr","locations":[{"start":{"line":169,"column":43},"end":{"line":169,"column":75},"skip":true},{"start":{"line":169,"column":79},"end":{"line":178,"column":9},"skip":true}]},"17":{"line":180,"type":"binary-expr","locations":[{"start":{"line":180,"column":41},"end":{"line":180,"column":71},"skip":true},{"start":{"line":180,"column":75},"end":{"line":189,"column":9},"skip":true}]}},"code":["/* istanbul instrument in package npmtest_sns_mobile */","/*jslint","    bitwise: true,","    browser: true,","    maxerr: 8,","    maxlen: 96,","    node: true,","    nomen: true,","    regexp: true,","    stupid: true","*/","(function () {","    'use strict';","    var local;","","","","    // run shared js-env code - pre-init","    (function () {","        // init local","        local = {};","        // init modeJs","        local.modeJs = (function () {","            try {","                return typeof navigator.userAgent === 'string' &&","                    typeof document.querySelector('body') === 'object' &&","                    typeof XMLHttpRequest.prototype.open === 'function' &&","                    'browser';","            } catch (errorCaughtBrowser) {","                return module.exports &&","                    typeof process.versions.node === 'string' &&","                    typeof require('http').createServer === 'function' &&","                    'node';","            }","        }());","        // init global","        local.global = local.modeJs === 'browser'","            ? window","            : global;","        switch (local.modeJs) {","        // re-init local from window.local","        case 'browser':","            local = local.global.utility2.objectSetDefault(","                local.global.utility2_rollup || local.global.local,","                local.global.utility2","            );","            break;","        // re-init local from example.js","        case 'node':","            local = (local.global.utility2_rollup || require('utility2'))","                .requireExampleJsFromReadme();","            break;","        }","        // export local","        local.global.local = local;","    }());","","","","    // run shared js-env code - function","    (function () {","        return;","    }());","    switch (local.modeJs) {","","","","    // run browser js-env code - function","    case 'browser':","        break;","","","","    // run node js-env code - function","    case 'node':","        break;","    }","","","","    // run shared js-env code - post-init","    (function () {","        return;","    }());","    switch (local.modeJs) {","","","","    // run browser js-env code - post-init","    case 'browser':","        local.testCase_browser_nullCase = local.testCase_browser_nullCase || function (","            options,","            onError","        ) {","        /*","         * this function will test browsers's null-case handling-behavior-behavior","         */","            onError(null, options);","        };","","        // run tests","        local.nop(local.modeTest &&","            document.querySelector('#testRunButton1') &&","            document.querySelector('#testRunButton1').click());","        break;","","","","    // run node js-env code - post-init","    /* istanbul ignore next */","    case 'node':","        local.testCase_buildApidoc_default = local.testCase_buildApidoc_default || function (","            options,","            onError","        ) {","        /*","         * this function will test buildApidoc's default handling-behavior-behavior","         */","            options = { modulePathList: module.paths };","            local.buildApidoc(options, onError);","        };","","        local.testCase_buildApp_default = local.testCase_buildApp_default || function (","            options,","            onError","        ) {","        /*","         * this function will test buildApp's default handling-behavior-behavior","         */","            local.testCase_buildReadme_default(options, local.onErrorThrow);","            local.testCase_buildLib_default(options, local.onErrorThrow);","            local.testCase_buildTest_default(options, local.onErrorThrow);","            local.testCase_buildCustomOrg_default(options, local.onErrorThrow);","            options = [];","            local.buildApp(options, onError);","        };","","        local.testCase_buildCustomOrg_default = local.testCase_buildCustomOrg_default ||","            function (options, onError) {","            /*","             * this function will test buildCustomOrg's default handling-behavior","             */","                options = {};","                local.buildCustomOrg(options, onError);","            };","","        local.testCase_buildLib_default = local.testCase_buildLib_default || function (","            options,","            onError","        ) {","        /*","         * this function will test buildLib's default handling-behavior","         */","            options = {};","            local.buildLib(options, onError);","        };","","        local.testCase_buildReadme_default = local.testCase_buildReadme_default || function (","            options,","            onError","        ) {","        /*","         * this function will test buildReadme's default handling-behavior-behavior","         */","            options = {};","            local.buildReadme(options, onError);","        };","","        local.testCase_buildTest_default = local.testCase_buildTest_default || function (","            options,","            onError","        ) {","        /*","         * this function will test buildTest's default handling-behavior","         */","            options = {};","            local.buildTest(options, onError);","        };","","        local.testCase_webpage_default = local.testCase_webpage_default || function (","            options,","            onError","        ) {","        /*","         * this function will test webpage's default handling-behavior","         */","            options = { modeCoverageMerge: true, url: local.serverLocalHost + '?modeTest=1' };","            local.browserTest(options, onError);","        };","","        // run test-server","        local.testRunServer(local);","        break;","    }","}());",""],"l":{"12":2,"14":2,"19":2,"21":2,"23":2,"24":2,"25":2,"30":1,"37":2,"40":2,"43":1,"47":1,"50":1,"52":1,"55":2,"61":2,"62":2,"64":2,"70":1,"76":1,"82":2,"83":2,"85":2,"91":1,"98":1,"102":1,"105":1,"112":1,"119":1,"120":1,"123":1,"130":1,"131":1,"132":1,"133":1,"134":1,"135":1,"138":1,"143":2,"144":2,"147":1,"154":2,"155":2,"158":1,"165":2,"166":2,"169":1,"176":2,"177":2,"180":1,"187":1,"188":1,"192":1,"193":1}},"/home/travis/build/npmtest/node-npmtest-sns-mobile/lib.npmtest_sns_mobile.js":{"path":"/home/travis/build/npmtest/node-npmtest-sns-mobile/lib.npmtest_sns_mobile.js","s":{"1":2,"2":2,"3":2,"4":2,"5":2,"6":2,"7":2,"8":1,"9":2,"10":2,"11":2,"12":2,"13":1,"14":1,"15":1,"16":1},"b":{"1":[2,1,1,1],"2":[1,1,1,1],"3":[1,1],"4":[2,2],"5":[1,1]},"f":{"1":2,"2":2,"3":2},"fnMap":{"1":{"name":"(anonymous_1)","line":12,"loc":{"start":{"line":12,"column":1},"end":{"line":12,"column":13}}},"2":{"name":"(anonymous_2)","line":19,"loc":{"start":{"line":19,"column":5},"end":{"line":19,"column":17}}},"3":{"name":"(anonymous_3)","line":23,"loc":{"start":{"line":23,"column":24},"end":{"line":23,"column":36}}}},"statementMap":{"1":{"start":{"line":12,"column":0},"end":{"line":53,"column":5}},"2":{"start":{"line":14,"column":4},"end":{"line":14,"column":14}},"3":{"start":{"line":19,"column":4},"end":{"line":52,"column":9}},"4":{"start":{"line":21,"column":8},"end":{"line":21,"column":19}},"5":{"start":{"line":23,"column":8},"end":{"line":35,"column":13}},"6":{"start":{"line":24,"column":12},"end":{"line":34,"column":13}},"7":{"start":{"line":25,"column":16},"end":{"line":28,"column":30}},"8":{"start":{"line":30,"column":16},"end":{"line":33,"column":27}},"9":{"start":{"line":37,"column":8},"end":{"line":39,"column":21}},"10":{"start":{"line":41,"column":8},"end":{"line":41,"column":54}},"11":{"start":{"line":43,"column":8},"end":{"line":43,"column":55}},"12":{"start":{"line":45,"column":8},"end":{"line":51,"column":9}},"13":{"start":{"line":46,"column":12},"end":{"line":46,"column":61}},"14":{"start":{"line":48,"column":12},"end":{"line":48,"column":35}},"15":{"start":{"line":49,"column":12},"end":{"line":49,"column":49}},"16":{"start":{"line":50,"column":12},"end":{"line":50,"column":43}}},"branchMap":{"1":{"line":25,"type":"binary-expr","locations":[{"start":{"line":25,"column":23},"end":{"line":25,"column":62}},{"start":{"line":26,"column":20},"end":{"line":26,"column":70}},{"start":{"line":27,"column":20},"end":{"line":27,"column":71}},{"start":{"line":28,"column":20},"end":{"line":28,"column":29}}]},"2":{"line":30,"type":"binary-expr","locations":[{"start":{"line":30,"column":23},"end":{"line":30,"column":37}},{"start":{"line":31,"column":20},"end":{"line":31,"column":61}},{"start":{"line":32,"column":20},"end":{"line":32,"column":70}},{"start":{"line":33,"column":20},"end":{"line":33,"column":26}}]},"3":{"line":37,"type":"cond-expr","locations":[{"start":{"line":38,"column":14},"end":{"line":38,"column":20}},{"start":{"line":39,"column":14},"end":{"line":39,"column":20}}]},"4":{"line":41,"type":"binary-expr","locations":[{"start":{"line":41,"column":16},"end":{"line":41,"column":44}},{"start":{"line":41,"column":48},"end":{"line":41,"column":53}}]},"5":{"line":45,"type":"if","locations":[{"start":{"line":45,"column":8},"end":{"line":45,"column":8}},{"start":{"line":45,"column":8},"end":{"line":45,"column":8}}]}},"code":["/* istanbul instrument in package npmtest_sns_mobile */","/*jslint","    bitwise: true,","    browser: true,","    maxerr: 8,","    maxlen: 96,","    node: true,","    nomen: true,","    regexp: true,","    stupid: true","*/","(function () {","    'use strict';","    var local;","","","","    // run shared js-env code - pre-init","    (function () {","        // init local","        local = {};","        // init modeJs","        local.modeJs = (function () {","            try {","                return typeof navigator.userAgent === 'string' &&","                    typeof document.querySelector('body') === 'object' &&","                    typeof XMLHttpRequest.prototype.open === 'function' &&","                    'browser';","            } catch (errorCaughtBrowser) {","                return module.exports &&","                    typeof process.versions.node === 'string' &&","                    typeof require('http').createServer === 'function' &&","                    'node';","            }","        }());","        // init global","        local.global = local.modeJs === 'browser'","            ? window","            : global;","        // init utility2_rollup","        local = local.global.utility2_rollup || local;","        // init lib","        local.local = local.npmtest_sns_mobile = local;","        // init exports","        if (local.modeJs === 'browser') {","            local.global.utility2_npmtest_sns_mobile = local;","        } else {","            module.exports = local;","            module.exports.__dirname = __dirname;","            module.exports.module = module;","        }","    }());","}());",""],"l":{"12":2,"14":2,"19":2,"21":2,"23":2,"24":2,"25":2,"30":1,"37":2,"41":2,"43":2,"45":2,"46":1,"48":1,"49":1,"50":1}},"/home/travis/build/npmtest/node-npmtest-sns-mobile/example.js":{"path":"/home/travis/build/npmtest/node-npmtest-sns-mobile/example.js","s":{"1":2,"2":2,"3":2,"4":2,"5":2,"6":2,"7":2,"8":1,"9":2,"10":2,"11":2,"12":2,"13":1,"14":2,"15":2,"16":2,"17":2,"18":2,"19":0,"20":2,"21":1,"22":1,"23":1,"24":1,"25":1,"26":0,"27":0,"28":1,"29":1,"30":2,"31":0,"32":0,"33":0,"34":1,"35":2,"36":2,"37":3,"38":3,"39":3,"40":3,"41":0,"42":3,"43":3,"44":3,"45":1,"46":3,"47":1,"48":1,"49":1,"50":1,"51":1,"52":1,"53":1,"54":1,"55":1,"56":1,"57":0,"58":1,"59":6,"60":6,"61":1,"62":2,"63":0,"64":2,"65":1,"66":1,"67":0,"68":0,"69":0,"70":0,"71":0,"72":0,"73":0,"74":0,"75":0,"76":0,"77":0,"78":0,"79":0,"80":0,"81":0,"82":0,"83":0},"b":{"1":[2,1,1,1],"2":[1,1,1,1],"3":[1,1],"4":[2,2],"5":[1,1],"6":[1,1],"7":[2,0],"8":[2,1,1,1,1,1],"9":[0,2,0],"10":[1,1],"11":[2,1,1],"12":[1,0],"13":[0,2],"14":[2,0,0,0,0,0,0],"15":[0,3],"16":[3,0],"17":[1,1],"18":[0,1],"19":[1,2,0,2],"20":[1,0],"21":[1,1],"22":[0,0],"23":[0,0],"24":[0,0],"25":[0,0],"26":[0,0],"27":[0,0],"28":[0,0]},"f":{"1":2,"2":2,"3":2,"4":2,"5":2,"6":2,"7":3,"8":3,"9":3,"10":1,"11":6,"12":0},"fnMap":{"1":{"name":"(anonymous_1)","line":26,"loc":{"start":{"line":26,"column":1},"end":{"line":26,"column":13}}},"2":{"name":"(anonymous_2)","line":33,"loc":{"start":{"line":33,"column":5},"end":{"line":33,"column":17}}},"3":{"name":"(anonymous_3)","line":37,"loc":{"start":{"line":37,"column":24},"end":{"line":37,"column":36}}},"4":{"name":"(anonymous_4)","line":69,"loc":{"start":{"line":69,"column":31},"end":{"line":69,"column":48}},"skip":true},"5":{"name":"(anonymous_5)","line":78,"loc":{"start":{"line":78,"column":26},"end":{"line":78,"column":45}},"skip":true},"6":{"name":"(anonymous_6)","line":123,"loc":{"start":{"line":123,"column":33},"end":{"line":123,"column":48}},"skip":true},"7":{"name":"(anonymous_7)","line":125,"loc":{"start":{"line":125,"column":27},"end":{"line":125,"column":39}},"skip":true},"8":{"name":"(anonymous_8)","line":133,"loc":{"start":{"line":133,"column":59},"end":{"line":133,"column":74}},"skip":true},"9":{"name":"(anonymous_9)","line":143,"loc":{"start":{"line":143,"column":45},"end":{"line":143,"column":62}},"skip":true},"10":{"name":"(anonymous_10)","line":144,"loc":{"start":{"line":144,"column":73},"end":{"line":144,"column":92}},"skip":true},"11":{"name":"(anonymous_11)","line":272,"loc":{"start":{"line":272,"column":51},"end":{"line":272,"column":77}},"skip":true},"12":{"name":"(anonymous_12)","line":315,"loc":{"start":{"line":315,"column":32},"end":{"line":315,"column":61}},"skip":true}},"statementMap":{"1":{"start":{"line":26,"column":0},"end":{"line":326,"column":5}},"2":{"start":{"line":28,"column":4},"end":{"line":28,"column":14}},"3":{"start":{"line":33,"column":4},"end":{"line":60,"column":9}},"4":{"start":{"line":35,"column":8},"end":{"line":35,"column":19}},"5":{"start":{"line":37,"column":8},"end":{"line":49,"column":13}},"6":{"start":{"line":38,"column":12},"end":{"line":48,"column":13}},"7":{"start":{"line":39,"column":16},"end":{"line":42,"column":30}},"8":{"start":{"line":44,"column":16},"end":{"line":47,"column":27}},"9":{"start":{"line":51,"column":8},"end":{"line":53,"column":21}},"10":{"start":{"line":55,"column":8},"end":{"line":57,"column":45}},"11":{"start":{"line":59,"column":8},"end":{"line":59,"column":35}},"12":{"start":{"line":61,"column":4},"end":{"line":325,"column":5}},"13":{"start":{"line":69,"column":8},"end":{"line":121,"column":10},"skip":true},"14":{"start":{"line":70,"column":12},"end":{"line":88,"column":13},"skip":true},"15":{"start":{"line":76,"column":16},"end":{"line":87,"column":19},"skip":true},"16":{"start":{"line":79,"column":20},"end":{"line":86,"column":21},"skip":true},"17":{"start":{"line":82,"column":24},"end":{"line":82,"column":43},"skip":true},"18":{"start":{"line":83,"column":24},"end":{"line":83,"column":30},"skip":true},"19":{"start":{"line":85,"column":24},"end":{"line":85,"column":49},"skip":true},"20":{"start":{"line":89,"column":12},"end":{"line":107,"column":13},"skip":true},"21":{"start":{"line":92,"column":16},"end":{"line":102,"column":17},"skip":true},"22":{"start":{"line":93,"column":20},"end":{"line":93,"column":86},"skip":true},"23":{"start":{"line":94,"column":20},"end":{"line":95,"column":45},"skip":true},"24":{"start":{"line":96,"column":20},"end":{"line":96,"column":42},"skip":true},"25":{"start":{"line":97,"column":20},"end":{"line":97,"column":48},"skip":true},"26":{"start":{"line":100,"column":20},"end":{"line":100,"column":85},"skip":true},"27":{"start":{"line":101,"column":20},"end":{"line":101,"column":96},"skip":true},"28":{"start":{"line":103,"column":16},"end":{"line":103,"column":22},"skip":true},"29":{"start":{"line":106,"column":16},"end":{"line":106,"column":22},"skip":true},"30":{"start":{"line":108,"column":12},"end":{"line":120,"column":13},"skip":true},"31":{"start":{"line":114,"column":16},"end":{"line":119,"column":17},"skip":true},"32":{"start":{"line":116,"column":20},"end":{"line":116,"column":78},"skip":true},"33":{"start":{"line":118,"column":20},"end":{"line":118,"column":47},"skip":true},"34":{"start":{"line":123,"column":8},"end":{"line":141,"column":11},"skip":true},"35":{"start":{"line":124,"column":12},"end":{"line":124,"column":54},"skip":true},"36":{"start":{"line":125,"column":12},"end":{"line":140,"column":14},"skip":true},"37":{"start":{"line":126,"column":16},"end":{"line":126,"column":28},"skip":true},"38":{"start":{"line":127,"column":16},"end":{"line":127,"column":69},"skip":true},"39":{"start":{"line":128,"column":16},"end":{"line":128,"column":75},"skip":true},"40":{"start":{"line":129,"column":16},"end":{"line":131,"column":17},"skip":true},"41":{"start":{"line":130,"column":20},"end":{"line":130,"column":27},"skip":true},"42":{"start":{"line":133,"column":16},"end":{"line":137,"column":36},"skip":true},"43":{"start":{"line":134,"column":20},"end":{"line":136,"column":55},"skip":true},"44":{"start":{"line":139,"column":16},"end":{"line":139,"column":57},"skip":true},"45":{"start":{"line":143,"column":8},"end":{"line":147,"column":11},"skip":true},"46":{"start":{"line":144,"column":12},"end":{"line":146,"column":15},"skip":true},"47":{"start":{"line":145,"column":16},"end":{"line":145,"column":70},"skip":true},"48":{"start":{"line":149,"column":8},"end":{"line":149,"column":31},"skip":true},"49":{"start":{"line":150,"column":8},"end":{"line":150,"column":14},"skip":true},"50":{"start":{"line":158,"column":8},"end":{"line":158,"column":31},"skip":true},"51":{"start":{"line":160,"column":8},"end":{"line":160,"column":33},"skip":true},"52":{"start":{"line":161,"column":8},"end":{"line":161,"column":37},"skip":true},"53":{"start":{"line":162,"column":8},"end":{"line":162,"column":35},"skip":true},"54":{"start":{"line":164,"column":8},"end":{"line":164,"column":50},"skip":true},"55":{"start":{"line":166,"column":8},"end":{"line":256,"column":2},"skip":true},"56":{"start":{"line":258,"column":8},"end":{"line":286,"column":9},"skip":true},"57":{"start":{"line":259,"column":12},"end":{"line":269,"column":14},"skip":true},"58":{"start":{"line":271,"column":12},"end":{"line":285,"column":19},"skip":true},"59":{"start":{"line":274,"column":20},"end":{"line":274,"column":35},"skip":true},"60":{"start":{"line":275,"column":20},"end":{"line":284,"column":21},"skip":true},"61":{"start":{"line":277,"column":24},"end":{"line":277,"column":64},"skip":true},"62":{"start":{"line":279,"column":24},"end":{"line":279,"column":40},"skip":true},"63":{"start":{"line":281,"column":24},"end":{"line":281,"column":40},"skip":true},"64":{"start":{"line":283,"column":24},"end":{"line":283,"column":39},"skip":true},"65":{"start":{"line":288,"column":8},"end":{"line":290,"column":9},"skip":true},"66":{"start":{"line":289,"column":12},"end":{"line":289,"column":18},"skip":true},"67":{"start":{"line":291,"column":8},"end":{"line":293,"column":54},"skip":true},"68":{"start":{"line":296,"column":8},"end":{"line":301,"column":37},"skip":true},"69":{"start":{"line":303,"column":8},"end":{"line":303,"column":82},"skip":true},"70":{"start":{"line":306,"column":8},"end":{"line":308,"column":9},"skip":true},"71":{"start":{"line":307,"column":12},"end":{"line":307,"column":82},"skip":true},"72":{"start":{"line":310,"column":8},"end":{"line":312,"column":9},"skip":true},"73":{"start":{"line":311,"column":12},"end":{"line":311,"column":18},"skip":true},"74":{"start":{"line":313,"column":8},"end":{"line":313,"column":54},"skip":true},"75":{"start":{"line":314,"column":8},"end":{"line":314,"column":69},"skip":true},"76":{"start":{"line":315,"column":8},"end":{"line":323,"column":36},"skip":true},"77":{"start":{"line":316,"column":12},"end":{"line":316,"column":61},"skip":true},"78":{"start":{"line":317,"column":12},"end":{"line":320,"column":13},"skip":true},"79":{"start":{"line":318,"column":16},"end":{"line":318,"column":75},"skip":true},"80":{"start":{"line":319,"column":16},"end":{"line":319,"column":23},"skip":true},"81":{"start":{"line":321,"column":12},"end":{"line":321,"column":38},"skip":true},"82":{"start":{"line":322,"column":12},"end":{"line":322,"column":27},"skip":true},"83":{"start":{"line":324,"column":8},"end":{"line":324,"column":14},"skip":true}},"branchMap":{"1":{"line":39,"type":"binary-expr","locations":[{"start":{"line":39,"column":23},"end":{"line":39,"column":62}},{"start":{"line":40,"column":20},"end":{"line":40,"column":70}},{"start":{"line":41,"column":20},"end":{"line":41,"column":71}},{"start":{"line":42,"column":20},"end":{"line":42,"column":29}}]},"2":{"line":44,"type":"binary-expr","locations":[{"start":{"line":44,"column":23},"end":{"line":44,"column":37}},{"start":{"line":45,"column":20},"end":{"line":45,"column":61}},{"start":{"line":46,"column":20},"end":{"line":46,"column":70}},{"start":{"line":47,"column":20},"end":{"line":47,"column":26}}]},"3":{"line":51,"type":"cond-expr","locations":[{"start":{"line":52,"column":14},"end":{"line":52,"column":20}},{"start":{"line":53,"column":14},"end":{"line":53,"column":20}}]},"4":{"line":55,"type":"binary-expr","locations":[{"start":{"line":55,"column":16},"end":{"line":55,"column":44}},{"start":{"line":55,"column":49},"end":{"line":57,"column":43}}]},"5":{"line":55,"type":"cond-expr","locations":[{"start":{"line":56,"column":14},"end":{"line":56,"column":54}},{"start":{"line":57,"column":14},"end":{"line":57,"column":43}}]},"6":{"line":61,"type":"switch","locations":[{"start":{"line":68,"column":4},"end":{"line":150,"column":14},"skip":true},{"start":{"line":156,"column":4},"end":{"line":324,"column":14},"skip":true}]},"7":{"line":70,"type":"if","locations":[{"start":{"line":70,"column":12},"end":{"line":70,"column":12},"skip":true},{"start":{"line":70,"column":12},"end":{"line":70,"column":12},"skip":true}]},"8":{"line":70,"type":"binary-expr","locations":[{"start":{"line":70,"column":16},"end":{"line":70,"column":22},"skip":true},{"start":{"line":70,"column":27},"end":{"line":70,"column":32},"skip":true},{"start":{"line":71,"column":20},"end":{"line":71,"column":39},"skip":true},{"start":{"line":72,"column":20},"end":{"line":72,"column":49},"skip":true},{"start":{"line":73,"column":20},"end":{"line":73,"column":58},"skip":true},{"start":{"line":74,"column":20},"end":{"line":74,"column":69},"skip":true}]},"9":{"line":79,"type":"switch","locations":[{"start":{"line":80,"column":20},"end":{"line":80,"column":33},"skip":true},{"start":{"line":81,"column":20},"end":{"line":83,"column":30},"skip":true},{"start":{"line":84,"column":20},"end":{"line":85,"column":49},"skip":true}]},"10":{"line":89,"type":"switch","locations":[{"start":{"line":90,"column":12},"end":{"line":103,"column":22},"skip":true},{"start":{"line":105,"column":12},"end":{"line":106,"column":22},"skip":true}]},"11":{"line":89,"type":"binary-expr","locations":[{"start":{"line":89,"column":20},"end":{"line":89,"column":25},"skip":true},{"start":{"line":89,"column":29},"end":{"line":89,"column":48},"skip":true},{"start":{"line":89,"column":52},"end":{"line":89,"column":74},"skip":true}]},"12":{"line":92,"type":"if","locations":[{"start":{"line":92,"column":16},"end":{"line":92,"column":16},"skip":true},{"start":{"line":92,"column":16},"end":{"line":92,"column":16},"skip":true}]},"13":{"line":108,"type":"if","locations":[{"start":{"line":108,"column":12},"end":{"line":108,"column":12},"skip":true},{"start":{"line":108,"column":12},"end":{"line":108,"column":12},"skip":true}]},"14":{"line":108,"type":"binary-expr","locations":[{"start":{"line":108,"column":16},"end":{"line":108,"column":61},"skip":true},{"start":{"line":108,"column":66},"end":{"line":108,"column":72},"skip":true},{"start":{"line":108,"column":77},"end":{"line":108,"column":82},"skip":true},{"start":{"line":109,"column":20},"end":{"line":109,"column":39},"skip":true},{"start":{"line":110,"column":20},"end":{"line":110,"column":49},"skip":true},{"start":{"line":111,"column":20},"end":{"line":111,"column":58},"skip":true},{"start":{"line":112,"column":20},"end":{"line":112,"column":68},"skip":true}]},"15":{"line":129,"type":"if","locations":[{"start":{"line":129,"column":16},"end":{"line":129,"column":16},"skip":true},{"start":{"line":129,"column":16},"end":{"line":129,"column":16},"skip":true}]},"16":{"line":134,"type":"cond-expr","locations":[{"start":{"line":135,"column":26},"end":{"line":135,"column":29},"skip":true},{"start":{"line":136,"column":26},"end":{"line":136,"column":54},"skip":true}]},"17":{"line":164,"type":"binary-expr","locations":[{"start":{"line":164,"column":27},"end":{"line":164,"column":43},"skip":true},{"start":{"line":164,"column":47},"end":{"line":164,"column":49},"skip":true}]},"18":{"line":258,"type":"if","locations":[{"start":{"line":258,"column":8},"end":{"line":258,"column":8},"skip":true},{"start":{"line":258,"column":8},"end":{"line":258,"column":8},"skip":true}]},"19":{"line":275,"type":"switch","locations":[{"start":{"line":276,"column":20},"end":{"line":277,"column":64},"skip":true},{"start":{"line":278,"column":20},"end":{"line":279,"column":40},"skip":true},{"start":{"line":280,"column":20},"end":{"line":281,"column":40},"skip":true},{"start":{"line":282,"column":20},"end":{"line":283,"column":39},"skip":true}]},"20":{"line":288,"type":"if","locations":[{"start":{"line":288,"column":8},"end":{"line":288,"column":8},"skip":true},{"start":{"line":288,"column":8},"end":{"line":288,"column":8},"skip":true}]},"21":{"line":288,"type":"binary-expr","locations":[{"start":{"line":288,"column":12},"end":{"line":288,"column":40},"skip":true},{"start":{"line":288,"column":44},"end":{"line":288,"column":67},"skip":true}]},"22":{"line":292,"type":"binary-expr","locations":[{"start":{"line":292,"column":12},"end":{"line":292,"column":50},"skip":true},{"start":{"line":293,"column":12},"end":{"line":293,"column":53},"skip":true}]},"23":{"line":297,"type":"binary-expr","locations":[{"start":{"line":297,"column":12},"end":{"line":297,"column":68},"skip":true},{"start":{"line":298,"column":12},"end":{"line":301,"column":36},"skip":true}]},"24":{"line":303,"type":"binary-expr","locations":[{"start":{"line":303,"column":43},"end":{"line":303,"column":75},"skip":true},{"start":{"line":303,"column":79},"end":{"line":303,"column":81},"skip":true}]},"25":{"line":306,"type":"if","locations":[{"start":{"line":306,"column":8},"end":{"line":306,"column":8},"skip":true},{"start":{"line":306,"column":8},"end":{"line":306,"column":8},"skip":true}]},"26":{"line":310,"type":"if","locations":[{"start":{"line":310,"column":8},"end":{"line":310,"column":8},"skip":true},{"start":{"line":310,"column":8},"end":{"line":310,"column":8},"skip":true}]},"27":{"line":313,"type":"binary-expr","locations":[{"start":{"line":313,"column":27},"end":{"line":313,"column":43},"skip":true},{"start":{"line":313,"column":47},"end":{"line":313,"column":53},"skip":true}]},"28":{"line":317,"type":"if","locations":[{"start":{"line":317,"column":12},"end":{"line":317,"column":12},"skip":true},{"start":{"line":317,"column":12},"end":{"line":317,"column":12},"skip":true}]}},"code":["/*","example.js","","quickstart example","","instruction","    1. save this script as example.js","    2. run the shell command:","        $ npm install npmtest-sns-mobile && PORT=8081 node example.js","    3. play with the browser-demo on http://127.0.0.1:8081","*/","","","","/* istanbul instrument in package npmtest_sns_mobile */","/*jslint","    bitwise: true,","    browser: true,","    maxerr: 8,","    maxlen: 96,","    node: true,","    nomen: true,","    regexp: true,","    stupid: true","*/","(function () {","    'use strict';","    var local;","","","","    // run shared js-env code - pre-init","    (function () {","        // init local","        local = {};","        // init modeJs","        local.modeJs = (function () {","            try {","                return typeof navigator.userAgent === 'string' &&","                    typeof document.querySelector('body') === 'object' &&","                    typeof XMLHttpRequest.prototype.open === 'function' &&","                    'browser';","            } catch (errorCaughtBrowser) {","                return module.exports &&","                    typeof process.versions.node === 'string' &&","                    typeof require('http').createServer === 'function' &&","                    'node';","            }","        }());","        // init global","        local.global = local.modeJs === 'browser'","            ? window","            : global;","        // init utility2_rollup","        local = local.global.utility2_rollup || (local.modeJs === 'browser'","            ? local.global.utility2_npmtest_sns_mobile","            : global.utility2_moduleExports);","        // export local","        local.global.local = local;","    }());","    switch (local.modeJs) {","","","","    // post-init","    // run browser js-env code - post-init","    /* istanbul ignore next */","    case 'browser':","        local.testRunBrowser = function (event) {","            if (!event || (event &&","                    event.currentTarget &&","                    event.currentTarget.className &&","                    event.currentTarget.className.includes &&","                    event.currentTarget.className.includes('onreset'))) {","                // reset output","                Array.from(","                    document.querySelectorAll('body > .resettable')","                ).forEach(function (element) {","                    switch (element.tagName) {","                    case 'INPUT':","                    case 'TEXTAREA':","                        element.value = '';","                        break;","                    default:","                        element.textContent = '';","                    }","                });","            }","            switch (event && event.currentTarget && event.currentTarget.id) {","            case 'testRunButton1':","                // show tests","                if (document.querySelector('#testReportDiv1').style.display === 'none') {","                    document.querySelector('#testReportDiv1').style.display = 'block';","                    document.querySelector('#testRunButton1').textContent =","                        'hide internal test';","                    local.modeTest = true;","                    local.testRunDefault(local);","                // hide tests","                } else {","                    document.querySelector('#testReportDiv1').style.display = 'none';","                    document.querySelector('#testRunButton1').textContent = 'run internal test';","                }","                break;","            // custom-case","            default:","                break;","            }","            if (document.querySelector('#inputTextareaEval1') && (!event || (event &&","                    event.currentTarget &&","                    event.currentTarget.className &&","                    event.currentTarget.className.includes &&","                    event.currentTarget.className.includes('oneval')))) {","                // try to eval input-code","                try {","                    /*jslint evil: true*/","                    eval(document.querySelector('#inputTextareaEval1').value);","                } catch (errorCaught) {","                    console.error(errorCaught);","                }","            }","        };","        // log stderr and stdout to #outputTextareaStdout1","        ['error', 'log'].forEach(function (key) {","            console[key + '_original'] = console[key];","            console[key] = function () {","                var element;","                console[key + '_original'].apply(console, arguments);","                element = document.querySelector('#outputTextareaStdout1');","                if (!element) {","                    return;","                }","                // append text to #outputTextareaStdout1","                element.value += Array.from(arguments).map(function (arg) {","                    return typeof arg === 'string'","                        ? arg","                        : JSON.stringify(arg, null, 4);","                }).join(' ') + '\\n';","                // scroll textarea to bottom","                element.scrollTop = element.scrollHeight;","            };","        });","        // init event-handling","        ['change', 'click', 'keyup'].forEach(function (event) {","            Array.from(document.querySelectorAll('.on' + event)).forEach(function (element) {","                element.addEventListener(event, local.testRunBrowser);","            });","        });","        // run tests","        local.testRunBrowser();","        break;","","","","    // run node js-env code - post-init","    /* istanbul ignore next */","    case 'node':","        // export local","        module.exports = local;","        // require modules","        local.fs = require('fs');","        local.http = require('http');","        local.url = require('url');","        // init assets","        local.assetsDict = local.assetsDict || {};","        /* jslint-ignore-begin */","        local.assetsDict['/assets.index.template.html'] = '\\","<!doctype html>\\n\\","<html lang=\"en\">\\n\\","<head>\\n\\","<meta charset=\"UTF-8\">\\n\\","<meta name=\"viewport\" content=\"width=device-width, initial-scale=1\">\\n\\","<title>{{env.npm_package_name}} (v{{env.npm_package_version}})</title>\\n\\","<style>\\n\\","/*csslint\\n\\","    box-sizing: false,\\n\\","    universal-selector: false\\n\\","*/\\n\\","* {\\n\\","    box-sizing: border-box;\\n\\","}\\n\\","body {\\n\\","    background: #dde;\\n\\","    font-family: Arial, Helvetica, sans-serif;\\n\\","    margin: 2rem;\\n\\","}\\n\\","body > * {\\n\\","    margin-bottom: 1rem;\\n\\","}\\n\\",".utility2FooterDiv {\\n\\","    margin-top: 20px;\\n\\","    text-align: center;\\n\\","}\\n\\","</style>\\n\\","<style>\\n\\","/*csslint\\n\\","*/\\n\\","textarea {\\n\\","    font-family: monospace;\\n\\","    height: 10rem;\\n\\","    width: 100%;\\n\\","}\\n\\","textarea[readonly] {\\n\\","    background: #ddd;\\n\\","}\\n\\","</style>\\n\\","</head>\\n\\","<body>\\n\\","<!-- utility2-comment\\n\\","<div id=\"ajaxProgressDiv1\" style=\"background: #d00; height: 2px; left: 0; margin: 0; padding: 0; position: fixed; top: 0; transition: background 0.5s, width 1.5s; width: 25%;\"></div>\\n\\","utility2-comment -->\\n\\","<h1>\\n\\","<!-- utility2-comment\\n\\","    <a\\n\\","        {{#if env.npm_package_homepage}}\\n\\","        href=\"{{env.npm_package_homepage}}\"\\n\\","        {{/if env.npm_package_homepage}}\\n\\","        target=\"_blank\"\\n\\","    >\\n\\","utility2-comment -->\\n\\","        {{env.npm_package_name}} (v{{env.npm_package_version}})\\n\\","<!-- utility2-comment\\n\\","    </a>\\n\\","utility2-comment -->\\n\\","</h1>\\n\\","<h3>{{env.npm_package_description}}</h3>\\n\\","<!-- utility2-comment\\n\\","<h4><a download href=\"assets.app.js\">download standalone app</a></h4>\\n\\","<button class=\"onclick onreset\" id=\"testRunButton1\">run internal test</button><br>\\n\\","<div id=\"testReportDiv1\" style=\"display: none;\"></div>\\n\\","utility2-comment -->\\n\\","\\n\\","\\n\\","\\n\\","<label>stderr and stdout</label>\\n\\","<textarea class=\"resettable\" id=\"outputTextareaStdout1\" readonly></textarea>\\n\\","<!-- utility2-comment\\n\\","{{#if isRollup}}\\n\\","<script src=\"assets.app.js\"></script>\\n\\","{{#unless isRollup}}\\n\\","utility2-comment -->\\n\\","<script src=\"assets.utility2.rollup.js\"></script>\\n\\","<script src=\"jsonp.utility2._stateInit?callback=window.utility2._stateInit\"></script>\\n\\","<script src=\"assets.npmtest_sns_mobile.rollup.js\"></script>\\n\\","<script src=\"assets.example.js\"></script>\\n\\","<script src=\"assets.test.js\"></script>\\n\\","<!-- utility2-comment\\n\\","{{/if isRollup}}\\n\\","utility2-comment -->\\n\\","<div class=\"utility2FooterDiv\">\\n\\","    [ this app was created with\\n\\","    <a href=\"https://github.com/kaizhu256/node-utility2\" target=\"_blank\">utility2</a>\\n\\","    ]\\n\\","</div>\\n\\","</body>\\n\\","</html>\\n\\","';","        /* jslint-ignore-end */","        if (local.templateRender) {","            local.assetsDict['/'] = local.templateRender(","                local.assetsDict['/assets.index.template.html'],","                {","                    env: local.objectSetDefault(local.env, {","                        npm_package_description: 'the greatest app in the world!',","                        npm_package_name: 'my-app',","                        npm_package_nameAlias: 'my_app',","                        npm_package_version: '0.0.1'","                    })","                }","            );","        } else {","            local.assetsDict['/'] = local.assetsDict['/assets.index.template.html']","                .replace((/\\{\\{env\\.(\\w+?)\\}\\}/g), function (match0, match1) {","                    // jslint-hack","                    String(match0);","                    switch (match1) {","                    case 'npm_package_description':","                        return 'the greatest app in the world!';","                    case 'npm_package_name':","                        return 'my-app';","                    case 'npm_package_nameAlias':","                        return 'my_app';","                    case 'npm_package_version':","                        return '0.0.1';","                    }","                });","        }","        // run the cli","        if (local.global.utility2_rollup || module !== require.main) {","            break;","        }","        local.assetsDict['/assets.example.js'] =","            local.assetsDict['/assets.example.js'] ||","            local.fs.readFileSync(__filename, 'utf8');","        // bug-workaround - long $npm_package_buildCustomOrg","        /* jslint-ignore-begin */","        local.assetsDict['/assets.npmtest_sns_mobile.rollup.js'] =","            local.assetsDict['/assets.npmtest_sns_mobile.rollup.js'] ||","            local.fs.readFileSync(","                local.npmtest_sns_mobile.__dirname + '/lib.npmtest_sns_mobile.js',","                'utf8'","            ).replace((/^#!/), '//');","        /* jslint-ignore-end */","        local.assetsDict['/favicon.ico'] = local.assetsDict['/favicon.ico'] || '';","        // if $npm_config_timeout_exit exists,","        // then exit this process after $npm_config_timeout_exit ms","        if (Number(process.env.npm_config_timeout_exit)) {","            setTimeout(process.exit, Number(process.env.npm_config_timeout_exit));","        }","        // start server","        if (local.global.utility2_serverHttp1) {","            break;","        }","        process.env.PORT = process.env.PORT || '8081';","        console.error('server starting on port ' + process.env.PORT);","        local.http.createServer(function (request, response) {","            request.urlParsed = local.url.parse(request.url);","            if (local.assetsDict[request.urlParsed.pathname] !== undefined) {","                response.end(local.assetsDict[request.urlParsed.pathname]);","                return;","            }","            response.statusCode = 404;","            response.end();","        }).listen(process.env.PORT);","        break;","    }","}());",""],"l":{"26":2,"28":2,"33":2,"35":2,"37":2,"38":2,"39":2,"44":1,"51":2,"55":2,"59":2,"61":2,"69":1,"70":2,"76":2,"79":2,"82":2,"83":2,"85":1,"89":2,"92":1,"93":1,"94":1,"96":1,"97":1,"100":1,"101":1,"103":1,"106":1,"108":2,"114":1,"116":1,"118":1,"123":1,"124":2,"125":2,"126":3,"127":3,"128":3,"129":3,"130":1,"133":3,"134":3,"139":3,"143":1,"144":3,"145":1,"149":1,"150":1,"158":1,"160":1,"161":1,"162":1,"164":1,"166":1,"258":1,"259":1,"271":1,"274":6,"275":6,"277":1,"279":2,"281":1,"283":2,"288":1,"289":1,"291":1,"296":1,"303":1,"306":1,"307":1,"310":1,"311":1,"313":1,"314":1,"315":1,"316":1,"317":1,"318":1,"319":1,"321":1,"322":1,"324":1}},"/home/travis/build/npmtest/node-npmtest-sns-mobile/node_modules/sns-mobile/index.js":{"path":"/home/travis/build/npmtest/node-npmtest-sns-mobile/node_modules/sns-mobile/index.js","s":{"1":1},"b":{},"f":{},"fnMap":{},"statementMap":{"1":{"start":{"line":1,"column":0},"end":{"line":1,"column":47}}},"branchMap":{},"code":["module.exports = require('./lib/interface.js');"],"l":{"1":1}},"/home/travis/build/npmtest/node-npmtest-sns-mobile/node_modules/sns-mobile/lib/interface.js":{"path":"/home/travis/build/npmtest/node-npmtest-sns-mobile/node_modules/sns-mobile/lib/interface.js","s":{"1":1,"2":1,"3":1,"4":1,"5":1,"6":0,"7":0,"8":0,"9":0,"10":0,"11":0,"12":0,"13":0,"14":0,"15":0,"16":0,"17":0,"18":1,"19":1,"20":1,"21":1,"22":0,"23":1,"24":0,"25":1,"26":0,"27":1,"28":0,"29":0,"30":0,"31":0,"32":0,"33":0,"34":0,"35":0,"36":0,"37":0,"38":0,"39":1,"40":0,"41":0,"42":0,"43":0,"44":0,"45":1,"46":0,"47":0,"48":0,"49":0,"50":0,"51":0,"52":0,"53":0,"54":0,"55":0,"56":0,"57":0,"58":0,"59":0,"60":1,"61":0,"62":0,"63":0,"64":0,"65":0,"66":0,"67":0,"68":0,"69":0,"70":0,"71":0,"72":0,"73":0,"74":0,"75":0,"76":0,"77":1,"78":0,"79":0,"80":0,"81":0,"82":1,"83":0,"84":0,"85":0,"86":0,"87":1,"88":0,"89":0,"90":0,"91":0,"92":0,"93":0,"94":0,"95":0,"96":0,"97":0,"98":0,"99":0,"100":0,"101":0,"102":0,"103":0,"104":1,"105":0,"106":0,"107":0,"108":0,"109":1,"110":0,"111":0,"112":0,"113":0,"114":0,"115":1,"116":0,"117":0,"118":0,"119":0,"120":0,"121":0,"122":0,"123":0,"124":0,"125":0,"126":1,"127":0,"128":0,"129":0,"130":0,"131":0,"132":0,"133":0,"134":0,"135":1,"136":0,"137":0,"138":0,"139":0,"140":0,"141":0,"142":0,"143":0,"144":0,"145":0,"146":0,"147":0,"148":0,"149":0,"150":0,"151":1,"152":0,"153":0,"154":0,"155":0,"156":1,"157":0,"158":0,"159":0,"160":0,"161":0,"162":0,"163":0,"164":0,"165":0,"166":0,"167":0,"168":0,"169":0,"170":0,"171":0,"172":0,"173":0,"174":0,"175":1,"176":0,"177":0,"178":0,"179":0,"180":0,"181":0,"182":0,"183":0,"184":1,"185":0,"186":0,"187":0,"188":0,"189":0,"190":0,"191":0,"192":0,"193":0,"194":0,"195":1,"196":0,"197":0,"198":0,"199":0,"200":0,"201":0,"202":0,"203":0,"204":1,"205":0,"206":0,"207":0,"208":0,"209":0,"210":0,"211":0,"212":0,"213":0,"214":0,"215":0,"216":1,"217":0,"218":0,"219":0,"220":0,"221":0,"222":1,"223":0,"224":0,"225":0,"226":0,"227":0,"228":0,"229":0,"230":0,"231":0,"232":0,"233":0,"234":0,"235":0,"236":0,"237":0,"238":1,"239":0,"240":0,"241":0,"242":0,"243":1,"244":0,"245":0,"246":0,"247":0,"248":0,"249":0,"250":0,"251":0,"252":0,"253":0,"254":0,"255":0,"256":0,"257":0,"258":0,"259":0,"260":1,"261":0,"262":1,"263":1,"264":0,"265":0,"266":0,"267":0,"268":0,"269":0,"270":0,"271":0,"272":0,"273":0,"274":0,"275":0,"276":0,"277":0,"278":0,"279":1,"280":0,"281":0,"282":0,"283":0,"284":0,"285":0,"286":0,"287":0,"288":0,"289":0,"290":0,"291":0,"292":0,"293":0,"294":0},"b":{"1":[0,0],"2":[0,0],"3":[0,0],"4":[0,0,0],"5":[0,0],"6":[0,0],"7":[0,0],"8":[0,0],"9":[0,0],"10":[0,0],"11":[0,0],"12":[0,0],"13":[0,0],"14":[0,0],"15":[0,0],"16":[0,0],"17":[0,0],"18":[0,0],"19":[0,0],"20":[0,0],"21":[0,0],"22":[0,0],"23":[0,0],"24":[0,0],"25":[0,0],"26":[0,0],"27":[0,0],"28":[0,0],"29":[0,0],"30":[0,0],"31":[0,0],"32":[0,0],"33":[0,0],"34":[0,0],"35":[0,0],"36":[0,0],"37":[0,0],"38":[0,0],"39":[0,0],"40":[0,0],"41":[0,0],"42":[0,0],"43":[0,0],"44":[0,0],"45":[0,0],"46":[0,0],"47":[0,0],"48":[0,0],"49":[0,0],"50":[0,0],"51":[0,0],"52":[0,0],"53":[0,0],"54":[0,0],"55":[0,0],"56":[0,0],"57":[0,0],"58":[0,0],"59":[0,0],"60":[0,0],"61":[0,0],"62":[0,0],"63":[0,0],"64":[0,0,0],"65":[0,0],"66":[0,0],"67":[0,0],"68":[0,0],"69":[0,0],"70":[0,0]},"f":{"1":0,"2":0,"3":0,"4":0,"5":0,"6":0,"7":0,"8":0,"9":0,"10":0,"11":0,"12":0,"13":0,"14":0,"15":0,"16":0,"17":0,"18":0,"19":0,"20":0,"21":0,"22":0,"23":0,"24":0,"25":0,"26":0,"27":0,"28":0,"29":0,"30":0,"31":0,"32":0,"33":0,"34":0,"35":0,"36":0,"37":0,"38":0,"39":0,"40":0,"41":0,"42":0,"43":0,"44":0,"45":0,"46":0,"47":0,"48":0,"49":0,"50":0,"51":0,"52":0,"53":0,"54":0,"55":0,"56":0,"57":0,"58":0,"59":0,"60":0,"61":0,"62":0,"63":0,"64":0,"65":0,"66":0},"fnMap":{"1":{"name":"Interface","line":48,"loc":{"start":{"line":48,"column":0},"end":{"line":48,"column":25}}},"2":{"name":"(anonymous_2)","line":92,"loc":{"start":{"line":92,"column":48},"end":{"line":92,"column":59}}},"3":{"name":"(anonymous_3)","line":102,"loc":{"start":{"line":102,"column":32},"end":{"line":102,"column":43}}},"4":{"name":"(anonymous_4)","line":112,"loc":{"start":{"line":112,"column":36},"end":{"line":112,"column":47}}},"5":{"name":"(anonymous_5)","line":125,"loc":{"start":{"line":125,"column":30},"end":{"line":125,"column":75}}},"6":{"name":"(anonymous_6)","line":140,"loc":{"start":{"line":140,"column":42},"end":{"line":140,"column":61}}},"7":{"name":"(anonymous_7)","line":157,"loc":{"start":{"line":157,"column":30},"end":{"line":157,"column":62}}},"8":{"name":"(anonymous_8)","line":160,"loc":{"start":{"line":160,"column":5},"end":{"line":160,"column":24}}},"9":{"name":"(anonymous_9)","line":180,"loc":{"start":{"line":180,"column":2},"end":{"line":180,"column":47}}},"10":{"name":"(anonymous_10)","line":200,"loc":{"start":{"line":200,"column":43},"end":{"line":200,"column":57}}},"11":{"name":"(anonymous_11)","line":217,"loc":{"start":{"line":217,"column":31},"end":{"line":217,"column":50}}},"12":{"name":"(anonymous_12)","line":221,"loc":{"start":{"line":221,"column":23},"end":{"line":221,"column":42}}},"13":{"name":"(anonymous_13)","line":228,"loc":{"start":{"line":228,"column":17},"end":{"line":228,"column":28}}},"14":{"name":"(anonymous_14)","line":231,"loc":{"start":{"line":231,"column":7},"end":{"line":231,"column":20}}},"15":{"name":"(anonymous_15)","line":232,"loc":{"start":{"line":232,"column":32},"end":{"line":232,"column":51}}},"16":{"name":"(anonymous_16)","line":241,"loc":{"start":{"line":241,"column":7},"end":{"line":241,"column":21}}},"17":{"name":"(anonymous_17)","line":254,"loc":{"start":{"line":254,"column":32},"end":{"line":254,"column":62}}},"18":{"name":"(anonymous_18)","line":273,"loc":{"start":{"line":273,"column":39},"end":{"line":273,"column":69}}},"19":{"name":"(anonymous_19)","line":289,"loc":{"start":{"line":289,"column":38},"end":{"line":289,"column":57}}},"20":{"name":"(anonymous_20)","line":293,"loc":{"start":{"line":293,"column":30},"end":{"line":293,"column":49}}},"21":{"name":"(anonymous_21)","line":300,"loc":{"start":{"line":300,"column":17},"end":{"line":300,"column":28}}},"22":{"name":"(anonymous_22)","line":303,"loc":{"start":{"line":303,"column":7},"end":{"line":303,"column":20}}},"23":{"name":"(anonymous_23)","line":304,"loc":{"start":{"line":304,"column":39},"end":{"line":304,"column":58}}},"24":{"name":"(anonymous_24)","line":313,"loc":{"start":{"line":313,"column":7},"end":{"line":313,"column":21}}},"25":{"name":"(anonymous_25)","line":326,"loc":{"start":{"line":326,"column":39},"end":{"line":326,"column":69}}},"26":{"name":"(anonymous_26)","line":344,"loc":{"start":{"line":344,"column":33},"end":{"line":344,"column":65}}},"27":{"name":"(anonymous_27)","line":349,"loc":{"start":{"line":349,"column":5},"end":{"line":349,"column":19}}},"28":{"name":"(anonymous_28)","line":364,"loc":{"start":{"line":364,"column":34},"end":{"line":364,"column":59}}},"29":{"name":"(anonymous_29)","line":369,"loc":{"start":{"line":369,"column":31},"end":{"line":369,"column":50}}},"30":{"name":"(anonymous_30)","line":389,"loc":{"start":{"line":389,"column":34},"end":{"line":389,"column":63}}},"31":{"name":"(anonymous_31)","line":394,"loc":{"start":{"line":394,"column":31},"end":{"line":394,"column":45}}},"32":{"name":"(anonymous_32)","line":410,"loc":{"start":{"line":410,"column":32},"end":{"line":410,"column":51}}},"33":{"name":"(anonymous_33)","line":414,"loc":{"start":{"line":414,"column":17},"end":{"line":414,"column":32}}},"34":{"name":"(anonymous_34)","line":415,"loc":{"start":{"line":415,"column":31},"end":{"line":415,"column":50}}},"35":{"name":"(anonymous_35)","line":425,"loc":{"start":{"line":425,"column":5},"end":{"line":425,"column":16}}},"36":{"name":"(anonymous_36)","line":427,"loc":{"start":{"line":427,"column":5},"end":{"line":427,"column":19}}},"37":{"name":"(anonymous_37)","line":442,"loc":{"start":{"line":442,"column":33},"end":{"line":442,"column":63}}},"38":{"name":"(anonymous_38)","line":458,"loc":{"start":{"line":458,"column":39},"end":{"line":458,"column":68}}},"39":{"name":"(anonymous_39)","line":466,"loc":{"start":{"line":466,"column":17},"end":{"line":466,"column":32}}},"40":{"name":"(anonymous_40)","line":467,"loc":{"start":{"line":467,"column":48},"end":{"line":467,"column":67}}},"41":{"name":"(anonymous_41)","line":477,"loc":{"start":{"line":477,"column":5},"end":{"line":477,"column":16}}},"42":{"name":"(anonymous_42)","line":479,"loc":{"start":{"line":479,"column":5},"end":{"line":479,"column":19}}},"43":{"name":"(anonymous_43)","line":496,"loc":{"start":{"line":496,"column":2},"end":{"line":496,"column":43}}},"44":{"name":"(anonymous_44)","line":517,"loc":{"start":{"line":517,"column":32},"end":{"line":517,"column":74}}},"45":{"name":"(anonymous_45)","line":524,"loc":{"start":{"line":524,"column":29},"end":{"line":524,"column":48}}},"46":{"name":"(anonymous_46)","line":549,"loc":{"start":{"line":549,"column":34},"end":{"line":549,"column":70}}},"47":{"name":"(anonymous_47)","line":554,"loc":{"start":{"line":554,"column":31},"end":{"line":554,"column":45}}},"48":{"name":"(anonymous_48)","line":573,"loc":{"start":{"line":573,"column":37},"end":{"line":573,"column":75}}},"49":{"name":"(anonymous_49)","line":587,"loc":{"start":{"line":587,"column":5},"end":{"line":587,"column":24}}},"50":{"name":"validateMessageStructure","line":599,"loc":{"start":{"line":599,"column":2},"end":{"line":599,"column":45}}},"51":{"name":"(anonymous_51)","line":619,"loc":{"start":{"line":619,"column":34},"end":{"line":619,"column":71}}},"52":{"name":"(anonymous_52)","line":635,"loc":{"start":{"line":635,"column":28},"end":{"line":635,"column":52}}},"53":{"name":"(anonymous_53)","line":641,"loc":{"start":{"line":641,"column":9},"end":{"line":641,"column":28}}},"54":{"name":"(anonymous_54)","line":657,"loc":{"start":{"line":657,"column":40},"end":{"line":657,"column":79}}},"55":{"name":"(anonymous_55)","line":660,"loc":{"start":{"line":660,"column":24},"end":{"line":660,"column":47}}},"56":{"name":"(anonymous_56)","line":661,"loc":{"start":{"line":661,"column":52},"end":{"line":661,"column":63}}},"57":{"name":"(anonymous_57)","line":674,"loc":{"start":{"line":674,"column":39},"end":{"line":674,"column":67}}},"58":{"name":"(anonymous_58)","line":676,"loc":{"start":{"line":676,"column":23},"end":{"line":676,"column":42}}},"59":{"name":"(anonymous_59)","line":684,"loc":{"start":{"line":684,"column":51},"end":{"line":684,"column":62}}},"60":{"name":"(anonymous_60)","line":685,"loc":{"start":{"line":685,"column":19},"end":{"line":685,"column":30}}},"61":{"name":"(anonymous_61)","line":688,"loc":{"start":{"line":688,"column":9},"end":{"line":688,"column":22}}},"62":{"name":"(anonymous_62)","line":689,"loc":{"start":{"line":689,"column":34},"end":{"line":689,"column":53}}},"63":{"name":"(anonymous_63)","line":697,"loc":{"start":{"line":697,"column":9},"end":{"line":697,"column":23}}},"64":{"name":"deviceSupported","line":712,"loc":{"start":{"line":712,"column":0},"end":{"line":712,"column":35}}},"65":{"name":"(anonymous_65)","line":725,"loc":{"start":{"line":725,"column":41},"end":{"line":725,"column":69}}},"66":{"name":"(anonymous_66)","line":777,"loc":{"start":{"line":777,"column":42},"end":{"line":777,"column":71}}}},"statementMap":{"1":{"start":{"line":3,"column":0},"end":{"line":3,"column":27}},"2":{"start":{"line":5,"column":0},"end":{"line":12,"column":2}},"3":{"start":{"line":14,"column":0},"end":{"line":34,"column":2}},"4":{"start":{"line":36,"column":0},"end":{"line":39,"column":29}},"5":{"start":{"line":48,"column":0},"end":{"line":79,"column":1}},"6":{"start":{"line":49,"column":2},"end":{"line":54,"column":3}},"7":{"start":{"line":50,"column":4},"end":{"line":51,"column":64}},"8":{"start":{"line":53,"column":4},"end":{"line":53,"column":23}},"9":{"start":{"line":56,"column":2},"end":{"line":56,"column":60}},"10":{"start":{"line":57,"column":2},"end":{"line":57,"column":32}},"11":{"start":{"line":58,"column":2},"end":{"line":58,"column":30}},"12":{"start":{"line":60,"column":2},"end":{"line":76,"column":3}},"13":{"start":{"line":61,"column":4},"end":{"line":68,"column":5}},"14":{"start":{"line":65,"column":6},"end":{"line":65,"column":26}},"15":{"start":{"line":67,"column":6},"end":{"line":67,"column":39}},"16":{"start":{"line":70,"column":4},"end":{"line":75,"column":7}},"17":{"start":{"line":78,"column":2},"end":{"line":78,"column":33}},"18":{"start":{"line":81,"column":0},"end":{"line":81,"column":46}},"19":{"start":{"line":83,"column":0},"end":{"line":83,"column":34}},"20":{"start":{"line":84,"column":0},"end":{"line":84,"column":52}},"21":{"start":{"line":92,"column":0},"end":{"line":94,"column":2}},"22":{"start":{"line":93,"column":2},"end":{"line":93,"column":37}},"23":{"start":{"line":102,"column":0},"end":{"line":104,"column":2}},"24":{"start":{"line":103,"column":2},"end":{"line":103,"column":32}},"25":{"start":{"line":112,"column":0},"end":{"line":114,"column":2}},"26":{"start":{"line":113,"column":2},"end":{"line":113,"column":36}},"27":{"start":{"line":125,"column":0},"end":{"line":148,"column":2}},"28":{"start":{"line":126,"column":2},"end":{"line":128,"column":3}},"29":{"start":{"line":127,"column":4},"end":{"line":127,"column":30}},"30":{"start":{"line":130,"column":2},"end":{"line":133,"column":4}},"31":{"start":{"line":135,"column":2},"end":{"line":137,"column":3}},"32":{"start":{"line":136,"column":4},"end":{"line":136,"column":43}},"33":{"start":{"line":139,"column":2},"end":{"line":139,"column":18}},"34":{"start":{"line":140,"column":2},"end":{"line":147,"column":5}},"35":{"start":{"line":141,"column":4},"end":{"line":145,"column":5}},"36":{"start":{"line":142,"column":6},"end":{"line":142,"column":70}},"37":{"start":{"line":144,"column":6},"end":{"line":144,"column":63}},"38":{"start":{"line":146,"column":4},"end":{"line":146,"column":78}},"39":{"start":{"line":157,"column":0},"end":{"line":168,"column":2}},"40":{"start":{"line":158,"column":2},"end":{"line":167,"column":5}},"41":{"start":{"line":161,"column":4},"end":{"line":163,"column":5}},"42":{"start":{"line":162,"column":6},"end":{"line":162,"column":33}},"43":{"start":{"line":165,"column":4},"end":{"line":165,"column":34}},"44":{"start":{"line":166,"column":4},"end":{"line":166,"column":31}},"45":{"start":{"line":179,"column":0},"end":{"line":208,"column":4}},"46":{"start":{"line":181,"column":4},"end":{"line":181,"column":20}},"47":{"start":{"line":182,"column":4},"end":{"line":182,"column":44}},"48":{"start":{"line":183,"column":4},"end":{"line":195,"column":5}},"49":{"start":{"line":184,"column":6},"end":{"line":190,"column":7}},"50":{"start":{"line":185,"column":8},"end":{"line":187,"column":9}},"51":{"start":{"line":186,"column":10},"end":{"line":186,"column":80}},"52":{"start":{"line":189,"column":8},"end":{"line":189,"column":33}},"53":{"start":{"line":192,"column":6},"end":{"line":194,"column":49}},"54":{"start":{"line":196,"column":4},"end":{"line":199,"column":6}},"55":{"start":{"line":200,"column":4},"end":{"line":207,"column":7}},"56":{"start":{"line":201,"column":6},"end":{"line":205,"column":7}},"57":{"start":{"line":202,"column":8},"end":{"line":202,"column":78}},"58":{"start":{"line":204,"column":8},"end":{"line":204,"column":77}},"59":{"start":{"line":206,"column":6},"end":{"line":206,"column":39}},"60":{"start":{"line":217,"column":0},"end":{"line":245,"column":2}},"61":{"start":{"line":218,"column":2},"end":{"line":218,"column":17}},"62":{"start":{"line":220,"column":2},"end":{"line":220,"column":18}},"63":{"start":{"line":221,"column":2},"end":{"line":244,"column":5}},"64":{"start":{"line":222,"column":4},"end":{"line":224,"column":5}},"65":{"start":{"line":223,"column":6},"end":{"line":223,"column":33}},"66":{"start":{"line":225,"column":4},"end":{"line":225,"column":34}},"67":{"start":{"line":226,"column":4},"end":{"line":226,"column":40}},"68":{"start":{"line":228,"column":4},"end":{"line":243,"column":7}},"69":{"start":{"line":230,"column":6},"end":{"line":230,"column":70}},"70":{"start":{"line":232,"column":6},"end":{"line":240,"column":9}},"71":{"start":{"line":233,"column":8},"end":{"line":235,"column":9}},"72":{"start":{"line":234,"column":10},"end":{"line":234,"column":25}},"73":{"start":{"line":237,"column":8},"end":{"line":237,"column":34}},"74":{"start":{"line":238,"column":8},"end":{"line":238,"column":44}},"75":{"start":{"line":239,"column":8},"end":{"line":239,"column":13}},"76":{"start":{"line":242,"column":6},"end":{"line":242,"column":34}},"77":{"start":{"line":254,"column":0},"end":{"line":264,"column":2}},"78":{"start":{"line":255,"column":2},"end":{"line":257,"column":4}},"79":{"start":{"line":259,"column":2},"end":{"line":261,"column":3}},"80":{"start":{"line":260,"column":4},"end":{"line":260,"column":33}},"81":{"start":{"line":263,"column":2},"end":{"line":263,"column":64}},"82":{"start":{"line":273,"column":0},"end":{"line":281,"column":2}},"83":{"start":{"line":274,"column":2},"end":{"line":274,"column":18}},"84":{"start":{"line":276,"column":2},"end":{"line":278,"column":3}},"85":{"start":{"line":277,"column":4},"end":{"line":277,"column":33}},"86":{"start":{"line":280,"column":2},"end":{"line":280,"column":54}},"87":{"start":{"line":289,"column":0},"end":{"line":317,"column":2}},"88":{"start":{"line":290,"column":2},"end":{"line":290,"column":24}},"89":{"start":{"line":292,"column":2},"end":{"line":292,"column":18}},"90":{"start":{"line":293,"column":2},"end":{"line":316,"column":5}},"91":{"start":{"line":294,"column":4},"end":{"line":296,"column":5}},"92":{"start":{"line":295,"column":6},"end":{"line":295,"column":33}},"93":{"start":{"line":297,"column":4},"end":{"line":297,"column":34}},"94":{"start":{"line":298,"column":4},"end":{"line":298,"column":65}},"95":{"start":{"line":300,"column":4},"end":{"line":315,"column":7}},"96":{"start":{"line":302,"column":6},"end":{"line":302,"column":70}},"97":{"start":{"line":304,"column":6},"end":{"line":312,"column":9}},"98":{"start":{"line":305,"column":8},"end":{"line":307,"column":9}},"99":{"start":{"line":306,"column":10},"end":{"line":306,"column":25}},"100":{"start":{"line":309,"column":8},"end":{"line":309,"column":34}},"101":{"start":{"line":310,"column":8},"end":{"line":310,"column":69}},"102":{"start":{"line":311,"column":8},"end":{"line":311,"column":13}},"103":{"start":{"line":314,"column":6},"end":{"line":314,"column":41}},"104":{"start":{"line":326,"column":0},"end":{"line":334,"column":2}},"105":{"start":{"line":327,"column":2},"end":{"line":327,"column":18}},"106":{"start":{"line":329,"column":2},"end":{"line":331,"column":3}},"107":{"start":{"line":330,"column":4},"end":{"line":330,"column":33}},"108":{"start":{"line":333,"column":2},"end":{"line":333,"column":54}},"109":{"start":{"line":344,"column":0},"end":{"line":355,"column":2}},"110":{"start":{"line":345,"column":2},"end":{"line":345,"column":18}},"111":{"start":{"line":347,"column":2},"end":{"line":354,"column":5}},"112":{"start":{"line":350,"column":4},"end":{"line":352,"column":5}},"113":{"start":{"line":351,"column":6},"end":{"line":351,"column":58}},"114":{"start":{"line":353,"column":4},"end":{"line":353,"column":25}},"115":{"start":{"line":364,"column":0},"end":{"line":380,"column":2}},"116":{"start":{"line":365,"column":2},"end":{"line":367,"column":4}},"117":{"start":{"line":368,"column":2},"end":{"line":368,"column":18}},"118":{"start":{"line":369,"column":2},"end":{"line":379,"column":5}},"119":{"start":{"line":370,"column":4},"end":{"line":373,"column":5}},"120":{"start":{"line":371,"column":6},"end":{"line":371,"column":63}},"121":{"start":{"line":372,"column":6},"end":{"line":372,"column":27}},"122":{"start":{"line":374,"column":4},"end":{"line":376,"column":5}},"123":{"start":{"line":375,"column":6},"end":{"line":375,"column":65}},"124":{"start":{"line":377,"column":4},"end":{"line":377,"column":64}},"125":{"start":{"line":378,"column":4},"end":{"line":378,"column":33}},"126":{"start":{"line":389,"column":0},"end":{"line":402,"column":2}},"127":{"start":{"line":390,"column":2},"end":{"line":392,"column":4}},"128":{"start":{"line":393,"column":2},"end":{"line":393,"column":18}},"129":{"start":{"line":394,"column":2},"end":{"line":401,"column":5}},"130":{"start":{"line":395,"column":4},"end":{"line":398,"column":5}},"131":{"start":{"line":396,"column":6},"end":{"line":396,"column":67}},"132":{"start":{"line":397,"column":6},"end":{"line":397,"column":27}},"133":{"start":{"line":399,"column":4},"end":{"line":399,"column":54}},"134":{"start":{"line":400,"column":4},"end":{"line":400,"column":15}},"135":{"start":{"line":410,"column":0},"end":{"line":433,"column":2}},"136":{"start":{"line":411,"column":2},"end":{"line":411,"column":18}},"137":{"start":{"line":412,"column":2},"end":{"line":412,"column":18}},"138":{"start":{"line":413,"column":2},"end":{"line":413,"column":16}},"139":{"start":{"line":414,"column":2},"end":{"line":432,"column":5}},"140":{"start":{"line":415,"column":4},"end":{"line":424,"column":7}},"141":{"start":{"line":416,"column":6},"end":{"line":418,"column":7}},"142":{"start":{"line":417,"column":8},"end":{"line":417,"column":25}},"143":{"start":{"line":419,"column":6},"end":{"line":419,"column":32}},"144":{"start":{"line":420,"column":6},"end":{"line":422,"column":7}},"145":{"start":{"line":421,"column":8},"end":{"line":421,"column":43}},"146":{"start":{"line":423,"column":6},"end":{"line":423,"column":13}},"147":{"start":{"line":426,"column":4},"end":{"line":426,"column":23}},"148":{"start":{"line":428,"column":4},"end":{"line":430,"column":5}},"149":{"start":{"line":429,"column":6},"end":{"line":429,"column":27}},"150":{"start":{"line":431,"column":4},"end":{"line":431,"column":27}},"151":{"start":{"line":442,"column":0},"end":{"line":448,"column":2}},"152":{"start":{"line":443,"column":2},"end":{"line":443,"column":18}},"153":{"start":{"line":444,"column":2},"end":{"line":446,"column":3}},"154":{"start":{"line":445,"column":4},"end":{"line":445,"column":33}},"155":{"start":{"line":447,"column":2},"end":{"line":447,"column":40}},"156":{"start":{"line":458,"column":0},"end":{"line":485,"column":2}},"157":{"start":{"line":459,"column":2},"end":{"line":462,"column":3}},"158":{"start":{"line":460,"column":4},"end":{"line":460,"column":24}},"159":{"start":{"line":461,"column":4},"end":{"line":461,"column":25}},"160":{"start":{"line":463,"column":2},"end":{"line":463,"column":25}},"161":{"start":{"line":464,"column":2},"end":{"line":464,"column":18}},"162":{"start":{"line":465,"column":2},"end":{"line":465,"column":16}},"163":{"start":{"line":466,"column":2},"end":{"line":484,"column":5}},"164":{"start":{"line":467,"column":4},"end":{"line":476,"column":7}},"165":{"start":{"line":468,"column":6},"end":{"line":470,"column":7}},"166":{"start":{"line":469,"column":8},"end":{"line":469,"column":25}},"167":{"start":{"line":471,"column":6},"end":{"line":471,"column":32}},"168":{"start":{"line":472,"column":6},"end":{"line":474,"column":7}},"169":{"start":{"line":473,"column":8},"end":{"line":473,"column":64}},"170":{"start":{"line":475,"column":6},"end":{"line":475,"column":13}},"171":{"start":{"line":478,"column":4},"end":{"line":478,"column":23}},"172":{"start":{"line":480,"column":4},"end":{"line":482,"column":5}},"173":{"start":{"line":481,"column":6},"end":{"line":481,"column":27}},"174":{"start":{"line":483,"column":4},"end":{"line":483,"column":34}},"175":{"start":{"line":495,"column":0},"end":{"line":507,"column":4}},"176":{"start":{"line":497,"column":4},"end":{"line":497,"column":20}},"177":{"start":{"line":498,"column":4},"end":{"line":500,"column":5}},"178":{"start":{"line":499,"column":6},"end":{"line":499,"column":35}},"179":{"start":{"line":501,"column":4},"end":{"line":504,"column":5}},"180":{"start":{"line":502,"column":6},"end":{"line":502,"column":51}},"181":{"start":{"line":503,"column":6},"end":{"line":503,"column":13}},"182":{"start":{"line":505,"column":4},"end":{"line":505,"column":31}},"183":{"start":{"line":506,"column":4},"end":{"line":506,"column":56}},"184":{"start":{"line":517,"column":0},"end":{"line":540,"column":2}},"185":{"start":{"line":518,"column":2},"end":{"line":522,"column":4}},"186":{"start":{"line":523,"column":2},"end":{"line":523,"column":18}},"187":{"start":{"line":524,"column":2},"end":{"line":539,"column":5}},"188":{"start":{"line":525,"column":4},"end":{"line":528,"column":5}},"189":{"start":{"line":526,"column":6},"end":{"line":526,"column":77}},"190":{"start":{"line":527,"column":6},"end":{"line":527,"column":27}},"191":{"start":{"line":529,"column":4},"end":{"line":531,"column":5}},"192":{"start":{"line":530,"column":6},"end":{"line":530,"column":72}},"193":{"start":{"line":532,"column":4},"end":{"line":537,"column":6}},"194":{"start":{"line":538,"column":4},"end":{"line":538,"column":40}},"195":{"start":{"line":549,"column":0},"end":{"line":562,"column":2}},"196":{"start":{"line":550,"column":2},"end":{"line":552,"column":4}},"197":{"start":{"line":553,"column":2},"end":{"line":553,"column":18}},"198":{"start":{"line":554,"column":2},"end":{"line":561,"column":5}},"199":{"start":{"line":555,"column":4},"end":{"line":558,"column":5}},"200":{"start":{"line":556,"column":6},"end":{"line":556,"column":73}},"201":{"start":{"line":557,"column":6},"end":{"line":557,"column":27}},"202":{"start":{"line":559,"column":4},"end":{"line":559,"column":60}},"203":{"start":{"line":560,"column":4},"end":{"line":560,"column":15}},"204":{"start":{"line":573,"column":0},"end":{"line":608,"column":2}},"205":{"start":{"line":574,"column":2},"end":{"line":580,"column":3}},"206":{"start":{"line":575,"column":4},"end":{"line":579,"column":6}},"207":{"start":{"line":582,"column":2},"end":{"line":582,"column":18}},"208":{"start":{"line":583,"column":2},"end":{"line":597,"column":5}},"209":{"start":{"line":588,"column":4},"end":{"line":591,"column":5}},"210":{"start":{"line":589,"column":6},"end":{"line":589,"column":62}},"211":{"start":{"line":590,"column":6},"end":{"line":590,"column":27}},"212":{"start":{"line":592,"column":4},"end":{"line":594,"column":5}},"213":{"start":{"line":593,"column":6},"end":{"line":593,"column":66}},"214":{"start":{"line":595,"column":4},"end":{"line":595,"column":73}},"215":{"start":{"line":596,"column":4},"end":{"line":596,"column":34}},"216":{"start":{"line":599,"column":2},"end":{"line":607,"column":3}},"217":{"start":{"line":600,"column":4},"end":{"line":602,"column":5}},"218":{"start":{"line":601,"column":6},"end":{"line":601,"column":19}},"219":{"start":{"line":603,"column":4},"end":{"line":605,"column":5}},"220":{"start":{"line":604,"column":6},"end":{"line":604,"column":19}},"221":{"start":{"line":606,"column":4},"end":{"line":606,"column":16}},"222":{"start":{"line":619,"column":0},"end":{"line":654,"column":2}},"223":{"start":{"line":620,"column":2},"end":{"line":621,"column":23}},"224":{"start":{"line":623,"column":2},"end":{"line":633,"column":3}},"225":{"start":{"line":625,"column":4},"end":{"line":625,"column":40}},"226":{"start":{"line":626,"column":9},"end":{"line":633,"column":3}},"227":{"start":{"line":627,"column":4},"end":{"line":627,"column":41}},"228":{"start":{"line":629,"column":4},"end":{"line":630,"column":60}},"229":{"start":{"line":632,"column":4},"end":{"line":632,"column":23}},"230":{"start":{"line":635,"column":2},"end":{"line":653,"column":5}},"231":{"start":{"line":636,"column":4},"end":{"line":652,"column":5}},"232":{"start":{"line":637,"column":6},"end":{"line":649,"column":9}},"233":{"start":{"line":642,"column":8},"end":{"line":646,"column":9}},"234":{"start":{"line":643,"column":10},"end":{"line":643,"column":66}},"235":{"start":{"line":645,"column":10},"end":{"line":645,"column":77}},"236":{"start":{"line":648,"column":8},"end":{"line":648,"column":78}},"237":{"start":{"line":651,"column":6},"end":{"line":651,"column":31}},"238":{"start":{"line":657,"column":0},"end":{"line":665,"column":2}},"239":{"start":{"line":658,"column":2},"end":{"line":658,"column":18}},"240":{"start":{"line":660,"column":2},"end":{"line":664,"column":15}},"241":{"start":{"line":661,"column":4},"end":{"line":663,"column":7}},"242":{"start":{"line":662,"column":6},"end":{"line":662,"column":11}},"243":{"start":{"line":674,"column":0},"end":{"line":703,"column":2}},"244":{"start":{"line":675,"column":2},"end":{"line":675,"column":18}},"245":{"start":{"line":676,"column":2},"end":{"line":702,"column":5}},"246":{"start":{"line":677,"column":4},"end":{"line":679,"column":5}},"247":{"start":{"line":678,"column":6},"end":{"line":678,"column":33}},"248":{"start":{"line":680,"column":4},"end":{"line":680,"column":34}},"249":{"start":{"line":682,"column":4},"end":{"line":682,"column":46}},"250":{"start":{"line":684,"column":4},"end":{"line":701,"column":7}},"251":{"start":{"line":685,"column":6},"end":{"line":700,"column":9}},"252":{"start":{"line":687,"column":8},"end":{"line":687,"column":72}},"253":{"start":{"line":689,"column":8},"end":{"line":696,"column":11}},"254":{"start":{"line":690,"column":10},"end":{"line":692,"column":11}},"255":{"start":{"line":691,"column":12},"end":{"line":691,"column":27}},"256":{"start":{"line":694,"column":10},"end":{"line":694,"column":36}},"257":{"start":{"line":695,"column":10},"end":{"line":695,"column":61}},"258":{"start":{"line":698,"column":8},"end":{"line":698,"column":48}},"259":{"start":{"line":699,"column":8},"end":{"line":699,"column":29}},"260":{"start":{"line":712,"column":0},"end":{"line":714,"column":1}},"261":{"start":{"line":713,"column":2},"end":{"line":713,"column":54}},"262":{"start":{"line":716,"column":0},"end":{"line":716,"column":44}},"263":{"st
[...]
mUserData) {","    params.CustomUserData = customUserData;","  }","","  var self = this;","  this.sns.createPlatformEndpoint(params, function(err, res) {","    if (!err) {","      self.emit(EMITTED_EVENTS.ADDED_USER, res.EndpointArn, deviceId);","    } else {","      self.emit(EMITTED_EVENTS.ADD_USER_FAILED, deviceId, err);","    }","    return callback(err, ((res && res.EndpointArn) ? res.EndpointArn : null));","  });","};","","","/**"," * Get a user by their EndpointArn"," * @param {String}    endpointArn"," * @param {Function}  callback"," */","","Interface.prototype.getUser = function(endpointArn, callback) {","  this.sns.getEndpointAttributes({","    EndpointArn: endpointArn","  }, function(err, res) {","    if (err) {","      return callback(err, null);","    }","","    res.EndpointArn = endpointArn;","    return callback(null, res);","  });","};","","","/**"," * Set a user's attributes by their EndpointArn"," * @param {String}    endpointArn"," * @param {Object}    attributes  An object that can contain string properties"," *                                for CustomUserData, Enabled and Token"," * @param {Function}  callback"," */","","Interface.prototype.setAttributes =","  function (endpointArn, attributes, callback) {","    var self = this;","    var attributesType = typeof(attributes);","    if (attributesType == 'object') {","      try {","        if (typeof attributes.CustomUserData == 'object') {","          attributes.CustomUserData = JSON.stringify(attributes.CustomUserData);","        }","      } catch (e) {","        return callback(e, null);","      }","    } else {","      return callback(","        new Error('Expected second parameter to be of type object (' +","          attributesType + ' supplied).'), null);","    }","    var params = {","      EndpointArn: endpointArn,","      Attributes: attributes","    };","    this.sns.setEndpointAttributes(params, function(err) {","      if (!err) {","        self.emit(EMITTED_EVENTS.ATTRIBUTES_UPDATED, endpointArn, attributes);","      } else {","        self.emit(EMITTED_EVENTS.ATTRIBUTES_UPDATE_FAILED, endpointArn, err);","      }","      return callback(err, attributes);","    });","  };","","","/**"," * Return a list of users."," * @param {Function}  callback"," * @param {String}    nextToken"," */","","Interface.prototype.getUsers = function(callback) {","  var users = [];","","  var self = this;","  this._getUsers(null, function(err, res) {","    if (err) {","      return callback(err, null);","    }","    var nextToken = res.NextToken;","    users = users.concat(res.Endpoints);","","    async.whilst(function() {","      // Only keep going so long as we have a token","      return (typeof nextToken !== 'undefined' && nextToken !== null);","    }, function(cb) {","      self._getUsers(nextToken, function(err, res) {","        if (err) {","          return cb(err);","        }","","        nextToken = res.NextToken;","        users = users.concat(res.Endpoints);","        cb();","      });","    }, function(err) {","      return callback(err, users);","    });","  });","};","","","/**"," * Return a list of users."," * @param {Function}  callback"," * @param {String}    nextToken"," */","","Interface.prototype._getUsers = function(nextToken, callback) {","  var params = {","    PlatformApplicationArn: this.getPlatformApplicationArn()","  };","","  if (nextToken) {","    params.NextToken = nextToken;","  }","","  this.sns.listEndpointsByPlatformApplication(params, callback);","};","","","/**"," * Get applications with the given NextToken (for paging)."," * @param {String}    nextToken"," * @param {Function}  callback"," */","","Interface.prototype._getApplications = function(nextToken, callback) {","  var params = {};","","  if (nextToken) {","    params.NextToken = nextToken;","  }","","  this.sns.listPlatformApplications(params, callback);","};","","","/**"," * Get all users for this account."," * @param {Function} calback"," */","","Interface.prototype.getApplications = function(callback) {","  var applications = [];","","  var self = this;","  this._getApplications(null, function(err, res) {","    if (err) {","      return callback(err, null);","    }","    var nextToken = res.NextToken;","    applications = applications.concat(res.PlatformApplications);","","    async.whilst(function() {","      // Only keep going so long as we have a token","      return (typeof nextToken !== 'undefined' && nextToken !== null);","    }, function(cb) {","      self._getApplications(nextToken, function(err, res) {","        if (err) {","          return cb(err);","        }","","        nextToken = res.NextToken;","        applications = applications.concat(res.PlatformApplications);","        cb();","      });","    }, function(err) {","      return callback(err, applications);","    });","  });","};","","","/**"," * Get applications with the given NextToken (for paging)."," * @param {String}    nextToken"," * @param {Function}  callback"," */","","Interface.prototype._getApplications = function(nextToken, callback) {","  var params = {};","","  if (nextToken) {","    params.NextToken = nextToken;","  }","","  this.sns.listPlatformApplications(params, callback);","};","","","","/**"," * Delete a user from the service."," * @param {String}    endpointArn"," * @param {Function}  callback"," */","","Interface.prototype.deleteUser = function(endpointArn, callback) {","  var self = this;","","  this.sns.deleteEndpoint({","    EndpointArn: endpointArn","  }, function(err) {","    if (!err) {","      self.emit(EMITTED_EVENTS.DELETED_USER, endpointArn);","    }","    return callback(err);","  });","};","","","/**"," * Create a topic."," * @param {String}    name"," * @param {Function}  callback"," */","","Interface.prototype.createTopic = function(name, callback) {","  var params = {","    Name: name","  };","  var self = this;","  self.sns.createTopic(params, function(err, res) {","    if (err) {","      self.emit(EMITTED_EVENTS.CREATE_TOPIC_FAILED, name, err);","      return callback(err);","    }","    if (!res || !res.TopicArn) {","      return callback(new Error('Response or TopicArn is null'));","    }","    self.emit(EMITTED_EVENTS.TOPIC_CREATED, res.TopicArn, name);","    callback(null, res.TopicArn);","  });","};","","","/**"," * Delete a topic."," * @param {String}    topicArn"," * @param {Function}  callback"," */","","Interface.prototype.deleteTopic = function(topicArn, callback) {","  var params = {","    TopicArn: topicArn","  };","  var self = this;","  self.sns.deleteTopic(params, function(err) {","    if (err) {","      self.emit(EMITTED_EVENTS.DELETE_TOPIC_FAILED, topicArn, err);","      return callback(err);","    }","    self.emit(EMITTED_EVENTS.TOPIC_DELETED, topicArn);","    callback();","  });","};","","","/**"," * Get all topics for this account."," * @param {Function} callback"," */","","Interface.prototype.getTopics = function(callback) {","  var topics = [];","  var self = this;","  var nextToken;","  async.doWhilst(function(next) {","    self._getTopics(nextToken, function(err, res) {","      if (err) {","        return next(err);","      }","      nextToken = res.NextToken;","      if (res.Topics && res.Topics.length) {","        topics = topics.concat(res.Topics);","      }","      next();","    });","  }, function() {","    return !!nextToken;","  }, function(err) {","    if (err) {","      return callback(err);","    }","    callback(null, topics);","  });","};","","","/**"," * Get topics with the given NextToken (for paging)."," * @param {String}    nextToken"," * @param {Function}  callback"," */","","Interface.prototype._getTopics = function(nextToken, callback) {","  var params = {};","  if (nextToken) {","    params.NextToken = nextToken;","  }","  this.sns.listTopics(params, callback);","};","","","/**"," * Get subscriptions; either all subscriptions for this account or those for"," * the topic ARN specified."," * @param {String}    topicArn"," * @param {Function}  callback"," */","","Interface.prototype.getSubscriptions = function(topicArn, callback) {","  if (typeof topicArn === 'function') {","    callback = topicArn;","    topicArn = undefined;","  }","  var subscriptions = [];","  var self = this;","  var nextToken;","  async.doWhilst(function(next) {","    self._getSubscriptions(nextToken, topicArn, function(err, res) {","      if (err) {","        return next(err);","      }","      nextToken = res.NextToken;","      if (res.Subscriptions && res.Subscriptions.length) {","        subscriptions = subscriptions.concat(res.Subscriptions);","      }","      next();","    });","  }, function() {","    return !!nextToken;","  }, function(err) {","    if (err) {","      return callback(err);","    }","    callback(null, subscriptions);","  });","};","","","/**"," * Get subscriptions with the given NextToken (for paging)."," * @param {String}    nextToken"," * @param {String}    topicArn"," * @param {Function}  callback"," */","","Interface.prototype._getSubscriptions =","  function (nextToken, topicArn, callback) {","    var params = {};","    if (nextToken) {","      params.NextToken = nextToken;","    }","    if (!topicArn) {","      this.sns.listSubscriptions(params, callback);","      return;","    }","    params.TopicArn = topicArn;","    this.sns.listSubscriptionsByTopic(params, callback);","  };","","","/**"," * Subscribe an endpoint to a topic."," * @param {String}    endpointArn"," * @param {String}    topicArn"," * @param {Function}  callback"," */","","Interface.prototype.subscribe = function(endpointArn, topicArn, callback) {","  var params = {","    Endpoint: endpointArn,","    TopicArn: topicArn,","    Protocol: 'application'","  };","  var self = this;","  self.sns.subscribe(params, function(err, res) {","    if (err) {","      self.emit(EMITTED_EVENTS.SUBSCRIBE_FAILED, endpointArn, topicArn, err);","      return callback(err);","    }","    if (!res || !res.SubscriptionArn) {","      return callback(new Error('Response or SubscriptionArn is null'));","    }","    self.emit(","      EMITTED_EVENTS.SUBSCRIBED,","      res.SubscriptionArn,","      endpointArn,","      topicArn","    );","    callback(null, res.SubscriptionArn);","  });","};","","","/**"," * Unsubscribe an endpoint from a topic via its SubscriptionArn."," * @param {String}    subscriptionArn"," * @param {Function}  callback"," */","","Interface.prototype.unsubscribe = function(subscriptionArn, callback) {","  var params = {","    SubscriptionArn: subscriptionArn","  };","  var self = this;","  self.sns.unsubscribe(params, function(err) {","    if (err) {","      self.emit(EMITTED_EVENTS.UNSUBSCRIBE_FAILED, subscriptionArn, err);","      return callback(err);","    }","    self.emit(EMITTED_EVENTS.UNSUBSCRIBED, subscriptionArn);","    callback();","  });","};","","","/**"," * Publish a message to a topic identified by its topic ARN."," * Message is JSON object."," * @param {String}    topicArn"," * @param {Object}    message"," * @param {Function}  callback"," */","","Interface.prototype.publishToTopic = function(topicArn, message, callback) {","  if (!validateMessageStructure(message)) {","    return callback(","      new Error(","        'Argument \"message\" must be in SNS multi-platform publishing format.'","      )","    );","  }","","  var self = this;","  self.sns.publish({","    Message: JSON.stringify(message),","    TopicArn: topicArn,","    MessageStructure: 'json',","  }, function(err, res) {","    if (err) {","      self.emit(EMITTED_EVENTS.PUBLISH_FAILED, topicArn, err);","      return callback(err);","    }","    if (!res || !res.MessageId) {","      return callback(new Error('Response or MessageId is null'));","    }","    self.emit(EMITTED_EVENTS.PUBLISHED_MESSAGE, topicArn, res.MessageId);","    callback(null, res.MessageId);","  });","","  function validateMessageStructure(message) {","    if (!message.default) {","      return false;","    }","    if (typeof message.default !== 'string') {","      return false;","    }","    return true;","  }","};","","","/**"," * Send a message to an Android or iOS device identified by its Endpoint ARN."," * Message is JSON object."," * @param {String}    endpointArn"," * @param {Object}    message"," * @param {Function}  callback"," */","","Interface.prototype.sendMessage = function(endpointArn, msg, callback) {","  var self = this","    , convertFn = null;","","  if (this.platform === SUPPORTED_PLATFORMS.ANDROID ||","      this.platform === SUPPORTED_PLATFORMS.KINDLE_FIRE) {","    convertFn = this.convertToGcmFormat;","  } else if (this.platform === SUPPORTED_PLATFORMS.IOS) {","    convertFn = this.convertToApnsFormat;","  } else {","    var e = util.format('Unsupported platform detected, \"%s\". Please use a ' +","      'platform on SNS.SUPPORTED_PLATFORMS', this.platform);","","    throw new Error(e);","  }","","  convertFn.call(this, msg, function (err, message) {","    try {","      self.sns.publish({","        Message: JSON.stringify(message),","        TargetArn: endpointArn,","        MessageStructure: 'json',","      }, function(err, res) {","        if (err) {","          self.emit(EMITTED_EVENTS.FAILED_SEND, endpointArn, err);","        } else {","          self.emit(EMITTED_EVENTS.SENT_MESSAGE, endpointArn, res.MessageId);","        }","","        return callback(err, ((res && res.MessageId) ? res.MessageId : null));","      });","    } catch (e) {","      return callback(e, null);","    }","  });","};","","","Interface.prototype._broadcastMessage = function(endpoints, message, callback) {","  var self = this;","","  async.each(endpoints, function(endpoint, cb) {","    self.sendMessage(endpoint.EndpointArn, message, function() {","      cb();","    });","  }, callback);","};","","","/**"," * Broadcast a message to all endpoints."," * Message send errors are ignored."," * @param {String}    message"," * @param {Function}  callback"," */","Interface.prototype.broadcastMessage = function(message, callback) {","  var self = this;","  this._getUsers(null, function(err, res) {","    if (err) {","      return callback(err, null);","    }","    var nextToken = res.NextToken;","","    self.emit(EMITTED_EVENTS.BROADCAST_START);","","    self._broadcastMessage(res.Endpoints, message, function() {","      async.whilst(function() {","        // Only keep going so long as we have a token","        return (typeof nextToken !== 'undefined' && nextToken !== null);","      }, function(cb) {","        self._getUsers(nextToken, function(err, res) {","          if (err) {","            return cb(err);","          }","","          nextToken = res.NextToken;","          self._broadcastMessage(res.Endpoints, message, cb);","        });","      }, function(err) {","        self.emit(EMITTED_EVENTS.BROADCAST_END);","        return callback(err);","      });","    });","  });","};","","","/**"," * Check is the provided platform supported."," * @param   {String} platform"," * @return  {Boolean}"," */","","function deviceSupported(platform) {","  return SUPPORTED_PLATFORMS.hasOwnProperty(platform);","}","","Interface.deviceSupported = deviceSupported;","","","/**"," * Convert a provided message to GCM format"," * @param   {String/Object} message"," * @return  {String}"," */","","Interface.prototype.convertToGcmFormat = function(message, callback) {","  // GCM format expected by amazon for messages","  // {","  //   GCM: JSON.stringify({","  //     data: {","  //       message:\"<message>\"","  //     }","  //   })","  // }","","  var container = {}","    , key = (this.platform === SUPPORTED_PLATFORMS.ANDROID) ? 'GCM' : 'ADM';","","  if (typeof message === 'string') {","    try {","      container[key] = JSON.stringify({","        data: {","          message: message","        }","      });","","      callback(null, container);","    } catch (e) {","      callback(e, null);","    }","  } else if (message && typeof message === 'object') {","    if (message.GCM || message.ADM || message.default) {","      callback(null, message);","    } else {","      try {","        container[key] = JSON.stringify(message);","","        callback(null, container);","      } catch (e) {","        callback(e, null);","      }","    }","  } else {","    var e = new Error('Unable to convert message to ADM/GCM format. Message ' +","      'must be String/Object.');","","    callback(e, null);","  }","};","","","/**"," * Convert a message to APNS format"," * @param   {String/Object} message"," * @return  {String}"," */","","Interface.prototype.convertToApnsFormat = function (message, callback) {","  // APNS format expected by amazon for messages","  // {","  //   APNS: JSON.stringify({","  //     \"aps\": {","  //       \"alert\": \"<message>\"","  //     }","  //   })","  // }","","  var APNS = this.sandbox ? 'APNS_SANDBOX' : 'APNS'","    , messageContainer = {};","","  if (typeof message === 'string') {","    try {","      messageContainer[APNS] = JSON.stringify({","        aps: {","          alert: message","        }","      });","","      callback(null, messageContainer);","    } catch (e) {","      callback(e, null);","    }","  } else if (message !== null && typeof message === 'object') {","    if (message['APNS_SANDBOX'] || message['APNS']) {","      callback(null, message);","    } else {","      try {","        messageContainer[APNS] = JSON.stringify(message);","        callback(null, messageContainer);","      } catch (e) {","        callback(e, null);","      }","    }","  } else {","    var e = new Error('Unable to convert message to APNS format. Message' +","      ' must be String/Object.');","","    callback(e, null);","  }","};",""],"l":{"3":1,"5":1,"14":1,"36":1,"48":1,"49":0,"50":0,"53":0,"56":0,"57":0,"58":0,"60":0,"61":0,"65":0,"67":0,"70":0,"78":0,"81":1,"83":1,"84":1,"92":1,"93":0,"102":1,"103":0,"112":1,"113":0,"125":1,"126":0,"127":0,"130":0,"135":0,"136":0,"139":0,"140":0,"141":0,"142":0,"144":0,"146":0,"157":1,"158":0,"161":0,"162":0,"165":0,"166":0,"179":1,"181":0,"182":0,"183":0,"184":0,"185":0,"186":0,"189":0,"192":0,"196":0,"200":0,"201":0,"202":0,"204":0,"206":0,"217":1,"218":0,"220":0,"221":0,"222":0,"223":0,"225":0,"226":0,"228":0,"230":0,"232":0,"233":0,"234":0,"237":0,"238":0,"239":0,"242":0,"254":1,"255":0,"259":0,"260":0,"263":0,"273":1,"274":0,"276":0,"277":0,"280":0,"289":1,"290":0,"292":0,"293":0,"294":0,"295":0,"297":0,"298":0,"300":0,"302":0,"304":0,"305":0,"306":0,"309":0,"310":0,"311":0,"314":0,"326":1,"327":0,"329":0,"330":0,"333":0,"344":1,"345":0,"347":0,"350":0,"351":0,"353":0,"364":1,"365":0,"368":0,"369":0,"370":0,"371":0,"372":0,"374":0,"375":0,"377":0,"378":0,"389":1,"390":0,"393":0,"394":0,"395":0,"396":0,"397":0,"399":0,"400":0,"410":1,"411":0,"412":0,"413":0,"414":0,"415":0,"416":0,"417":0,"419":0,"420":0,"421":0,"423":0,"426":0,"428":0,"429":0,"431":0,"442":1,"443":0,"444":0,"445":0,"447":0,"458":1,"459":0,"460":0,"461":0,"463":0,"464":0,"465":0,"466":0,"467":0,"468":0,"469":0,"471":0,"472":0,"473":0,"475":0,"478":0,"480":0,"481":0,"483":0,"495":1,"497":0,"498":0,"499":0,"501":0,"502":0,"503":0,"505":0,"506":0,"517":1,"518":0,"523":0,"524":0,"525":0,"526":0,"527":0,"529":0,"530":0,"532":0,"538":0,"549":1,"550":0,"553":0,"554":0,"555":0,"556":0,"557":0,"559":0,"560":0,"573":1,"574":0,"575":0,"582":0,"583":0,"588":0,"589":0,"590":0,"592":0,"593":0,"595":0,"596":0,"599":1,"600":0,"601":0,"603":0,"604":0,"606":0,"619":1,"620":0,"623":0,"625":0,"626":0,"627":0,"629":0,"632":0,"635":0,"636":0,"637":0,"642":0,"643":0,"645":0,"648":0,"651":0,"657":1,"658":0,"660":0,"661":0,"662":0,"674":1,"675":0,"676":0,"677":0,"678":0,"680":0,"682":0,"684":0,"685":0,"687":0,"689":0,"690":0,"691":0,"694":0,"695":0,"698":0,"699":0,"712":1,"713":0,"716":1,"725":1,"735":0,"738":0,"739":0,"740":0,"746":0,"748":0,"750":0,"751":0,"752":0,"754":0,"755":0,"757":0,"759":0,"763":0,"766":0,"777":1,"787":0,"790":0,"791":0,"792":0,"798":0,"800":0,"802":0,"803":0,"804":0,"806":0,"807":0,"808":0,"810":0,"814":0,"817":0}}}